This file contains any messages produced by compilers while
running configure, to aid debugging if configure makes a mistake.

It was created by bennu configure 0.93, which was
generated by GNU Autoconf 2.61.  Invocation command line was

  $ ./configure --with-bennu-prefix=/home/splinter/bennugd/core

## --------- ##
## Platform. ##
## --------- ##

hostname = splinter
uname -m = i686
uname -r = 2.6.26-1-686
uname -s = Linux
uname -v = #1 SMP Mon Dec 15 18:15:07 UTC 2008

/usr/bin/uname -p = unknown
/bin/uname -X     = unknown

/bin/arch              = unknown
/usr/bin/arch -k       = unknown
/usr/convex/getsysinfo = unknown
/usr/bin/hostinfo      = unknown
/bin/machine           = unknown
/usr/bin/oslevel       = unknown
/bin/universe          = unknown

PATH: /home/splinter/bin
PATH: /usr/local/bin
PATH: /usr/bin
PATH: /bin
PATH: /usr/games


## ----------- ##
## Core tests. ##
## ----------- ##

configure:1996: checking build system type
configure:2014: result: i686-pc-linux-gnu
configure:2036: checking host system type
configure:2051: result: i686-pc-linux-gnu
configure:2073: checking target system type
configure:2088: result: i686-pc-linux-gnu
configure:2254: checking for gcc
configure:2270: found /usr/bin/gcc
configure:2281: result: gcc
configure:2519: checking for C compiler version
configure:2526: gcc --version >&5
gcc (Debian 4.3.2-1) 4.3.2
Copyright (C) 2008 Free Software Foundation, Inc.
This is free software; see the source for copying conditions.  There is NO
warranty; not even for MERCHANTABILITY or FITNESS FOR A PARTICULAR PURPOSE.

configure:2529: $? = 0
configure:2536: gcc -v >&5
Using built-in specs.
Target: i486-linux-gnu
Configured with: ../src/configure -v --with-pkgversion='Debian 4.3.2-1' --with-bugurl=file:///usr/share/doc/gcc-4.3/README.Bugs --enable-languages=c,c++,fortran,objc,obj-c++ --prefix=/usr --enable-shared --with-system-zlib --libexecdir=/usr/lib --without-included-gettext --enable-threads=posix --enable-nls --with-gxx-include-dir=/usr/include/c++/4.3 --program-suffix=-4.3 --enable-clocale=gnu --enable-libstdcxx-debug --enable-objc-gc --enable-mpfr --enable-targets=all --enable-cld --enable-checking=release --build=i486-linux-gnu --host=i486-linux-gnu --target=i486-linux-gnu
Thread model: posix
gcc version 4.3.2 (Debian 4.3.2-1) 
configure:2539: $? = 0
configure:2546: gcc -V >&5
gcc: '-V' option must have argument
configure:2549: $? = 1
configure:2572: checking for C compiler default output file name
configure:2599: gcc    conftest.c  >&5
configure:2602: $? = 0
configure:2640: result: a.out
configure:2657: checking whether the C compiler works
configure:2667: ./a.out
configure:2670: $? = 0
configure:2687: result: yes
configure:2694: checking whether we are cross compiling
configure:2696: result: no
configure:2699: checking for suffix of executables
configure:2706: gcc -o conftest    conftest.c  >&5
configure:2709: $? = 0
configure:2733: result: 
configure:2739: checking for suffix of object files
configure:2765: gcc -c   conftest.c >&5
configure:2768: $? = 0
configure:2791: result: o
configure:2795: checking whether we are using the GNU C compiler
configure:2824: gcc -c   conftest.c >&5
configure:2830: $? = 0
configure:2847: result: yes
configure:2852: checking whether gcc accepts -g
configure:2882: gcc -c -g  conftest.c >&5
configure:2888: $? = 0
configure:2987: result: yes
configure:3004: checking for gcc option to accept ISO C89
configure:3078: gcc  -c -g -O2  conftest.c >&5
configure:3084: $? = 0
configure:3107: result: none needed
configure:3125: checking for a sed that does not truncate output
configure:3181: result: /bin/sed
configure:3184: checking for grep that handles long lines and -e
configure:3258: result: /bin/grep
configure:3263: checking for egrep
configure:3341: result: /bin/grep -E
configure:3357: checking for ld used by gcc
configure:3424: result: /usr/bin/ld
configure:3433: checking if the linker (/usr/bin/ld) is GNU ld
configure:3448: result: yes
configure:3453: checking for /usr/bin/ld option to reload object files
configure:3460: result: -r
configure:3478: checking for BSD-compatible nm
configure:3527: result: /usr/bin/nm -B
configure:3531: checking whether ln -s works
configure:3535: result: yes
configure:3542: checking how to recognize dependent libraries
configure:3728: result: pass_all
configure:4263: checking how to run the C preprocessor
configure:4303: gcc -E  conftest.c
configure:4309: $? = 0
configure:4340: gcc -E  conftest.c
conftest.c:8:28: error: ac_nonexistent.h: No such file or directory
configure:4346: $? = 1
configure: failed program was:
| /* confdefs.h.  */
| #define PACKAGE_NAME "bennu"
| #define PACKAGE_TARNAME "bennu"
| #define PACKAGE_VERSION "0.93"
| #define PACKAGE_STRING "bennu 0.93"
| #define PACKAGE_BUGREPORT ""
| /* end confdefs.h.  */
| #include <ac_nonexistent.h>
configure:4379: result: gcc -E
configure:4408: gcc -E  conftest.c
configure:4414: $? = 0
configure:4445: gcc -E  conftest.c
conftest.c:8:28: error: ac_nonexistent.h: No such file or directory
configure:4451: $? = 1
configure: failed program was:
| /* confdefs.h.  */
| #define PACKAGE_NAME "bennu"
| #define PACKAGE_TARNAME "bennu"
| #define PACKAGE_VERSION "0.93"
| #define PACKAGE_STRING "bennu 0.93"
| #define PACKAGE_BUGREPORT ""
| /* end confdefs.h.  */
| #include <ac_nonexistent.h>
configure:4489: checking for ANSI C header files
configure:4519: gcc -c -g -O2  conftest.c >&5
configure:4525: $? = 0
configure:4624: gcc -o conftest -g -O2   conftest.c  >&5
configure:4627: $? = 0
configure:4633: ./conftest
configure:4636: $? = 0
configure:4653: result: yes
configure:4677: checking for sys/types.h
configure:4698: gcc -c -g -O2  conftest.c >&5
configure:4704: $? = 0
configure:4720: result: yes
configure:4677: checking for sys/stat.h
configure:4698: gcc -c -g -O2  conftest.c >&5
configure:4704: $? = 0
configure:4720: result: yes
configure:4677: checking for stdlib.h
configure:4698: gcc -c -g -O2  conftest.c >&5
configure:4704: $? = 0
configure:4720: result: yes
configure:4677: checking for string.h
configure:4698: gcc -c -g -O2  conftest.c >&5
configure:4704: $? = 0
configure:4720: result: yes
configure:4677: checking for memory.h
configure:4698: gcc -c -g -O2  conftest.c >&5
configure:4704: $? = 0
configure:4720: result: yes
configure:4677: checking for strings.h
configure:4698: gcc -c -g -O2  conftest.c >&5
configure:4704: $? = 0
configure:4720: result: yes
configure:4677: checking for inttypes.h
configure:4698: gcc -c -g -O2  conftest.c >&5
configure:4704: $? = 0
configure:4720: result: yes
configure:4677: checking for stdint.h
configure:4698: gcc -c -g -O2  conftest.c >&5
configure:4704: $? = 0
configure:4720: result: yes
configure:4677: checking for unistd.h
configure:4698: gcc -c -g -O2  conftest.c >&5
configure:4704: $? = 0
configure:4720: result: yes
configure:4747: checking dlfcn.h usability
configure:4764: gcc -c -g -O2  conftest.c >&5
configure:4770: $? = 0
configure:4784: result: yes
configure:4788: checking dlfcn.h presence
configure:4803: gcc -E  conftest.c
configure:4809: $? = 0
configure:4823: result: yes
configure:4851: checking for dlfcn.h
configure:4859: result: yes
configure:4930: checking for g++
configure:4946: found /usr/bin/g++
configure:4957: result: g++
configure:4988: checking for C++ compiler version
configure:4995: g++ --version >&5
g++ (Debian 4.3.2-1) 4.3.2
Copyright (C) 2008 Free Software Foundation, Inc.
This is free software; see the source for copying conditions.  There is NO
warranty; not even for MERCHANTABILITY or FITNESS FOR A PARTICULAR PURPOSE.

configure:4998: $? = 0
configure:5005: g++ -v >&5
Using built-in specs.
Target: i486-linux-gnu
Configured with: ../src/configure -v --with-pkgversion='Debian 4.3.2-1' --with-bugurl=file:///usr/share/doc/gcc-4.3/README.Bugs --enable-languages=c,c++,fortran,objc,obj-c++ --prefix=/usr --enable-shared --with-system-zlib --libexecdir=/usr/lib --without-included-gettext --enable-threads=posix --enable-nls --with-gxx-include-dir=/usr/include/c++/4.3 --program-suffix=-4.3 --enable-clocale=gnu --enable-libstdcxx-debug --enable-objc-gc --enable-mpfr --enable-targets=all --enable-cld --enable-checking=release --build=i486-linux-gnu --host=i486-linux-gnu --target=i486-linux-gnu
Thread model: posix
gcc version 4.3.2 (Debian 4.3.2-1) 
configure:5008: $? = 0
configure:5015: g++ -V >&5
g++: '-V' option must have argument
configure:5018: $? = 1
configure:5021: checking whether we are using the GNU C++ compiler
configure:5050: g++ -c   conftest.cpp >&5
configure:5056: $? = 0
configure:5073: result: yes
configure:5078: checking whether g++ accepts -g
configure:5108: g++ -c -g  conftest.cpp >&5
configure:5114: $? = 0
configure:5213: result: yes
configure:5246: checking how to run the C++ preprocessor
configure:5282: g++ -E  conftest.cpp
configure:5288: $? = 0
configure:5319: g++ -E  conftest.cpp
conftest.cpp:19:28: error: ac_nonexistent.h: No such file or directory
configure:5325: $? = 1
configure: failed program was:
| /* confdefs.h.  */
| #define PACKAGE_NAME "bennu"
| #define PACKAGE_TARNAME "bennu"
| #define PACKAGE_VERSION "0.93"
| #define PACKAGE_STRING "bennu 0.93"
| #define PACKAGE_BUGREPORT ""
| #define STDC_HEADERS 1
| #define HAVE_SYS_TYPES_H 1
| #define HAVE_SYS_STAT_H 1
| #define HAVE_STDLIB_H 1
| #define HAVE_STRING_H 1
| #define HAVE_MEMORY_H 1
| #define HAVE_STRINGS_H 1
| #define HAVE_INTTYPES_H 1
| #define HAVE_STDINT_H 1
| #define HAVE_UNISTD_H 1
| #define HAVE_DLFCN_H 1
| /* end confdefs.h.  */
| #include <ac_nonexistent.h>
configure:5358: result: g++ -E
configure:5387: g++ -E  conftest.cpp
configure:5393: $? = 0
configure:5424: g++ -E  conftest.cpp
conftest.cpp:19:28: error: ac_nonexistent.h: No such file or directory
configure:5430: $? = 1
configure: failed program was:
| /* confdefs.h.  */
| #define PACKAGE_NAME "bennu"
| #define PACKAGE_TARNAME "bennu"
| #define PACKAGE_VERSION "0.93"
| #define PACKAGE_STRING "bennu 0.93"
| #define PACKAGE_BUGREPORT ""
| #define STDC_HEADERS 1
| #define HAVE_SYS_TYPES_H 1
| #define HAVE_SYS_STAT_H 1
| #define HAVE_STDLIB_H 1
| #define HAVE_STRING_H 1
| #define HAVE_MEMORY_H 1
| #define HAVE_STRINGS_H 1
| #define HAVE_INTTYPES_H 1
| #define HAVE_STDINT_H 1
| #define HAVE_UNISTD_H 1
| #define HAVE_DLFCN_H 1
| /* end confdefs.h.  */
| #include <ac_nonexistent.h>
configure:5523: checking for g77
configure:5553: result: no
configure:5523: checking for xlf
configure:5553: result: no
configure:5523: checking for f77
configure:5553: result: no
configure:5523: checking for frt
configure:5553: result: no
configure:5523: checking for pgf77
configure:5553: result: no
configure:5523: checking for cf77
configure:5553: result: no
configure:5523: checking for fort77
configure:5553: result: no
configure:5523: checking for fl32
configure:5553: result: no
configure:5523: checking for af77
configure:5553: result: no
configure:5523: checking for xlf90
configure:5553: result: no
configure:5523: checking for f90
configure:5553: result: no
configure:5523: checking for pgf90
configure:5553: result: no
configure:5523: checking for pghpf
configure:5553: result: no
configure:5523: checking for epcf90
configure:5553: result: no
configure:5523: checking for gfortran
configure:5553: result: no
configure:5523: checking for g95
configure:5553: result: no
configure:5523: checking for xlf95
configure:5553: result: no
configure:5523: checking for f95
configure:5553: result: no
configure:5523: checking for fort
configure:5553: result: no
configure:5523: checking for ifort
configure:5553: result: no
configure:5523: checking for ifc
configure:5553: result: no
configure:5523: checking for efc
configure:5553: result: no
configure:5523: checking for pgf95
configure:5553: result: no
configure:5523: checking for lf95
configure:5553: result: no
configure:5523: checking for ftn
configure:5553: result: no
configure:5580: checking for Fortran 77 compiler version
configure:5587:  --version >&5
./configure: line 5588: --version: command not found
configure:5590: $? = 127
configure:5597:  -v >&5
./configure: line 5598: -v: command not found
configure:5600: $? = 127
configure:5607:  -V >&5
./configure: line 5608: -V: command not found
configure:5610: $? = 127
configure:5618: checking whether we are using the GNU Fortran 77 compiler
configure:5637:  -c  conftest.F >&5
./configure: line 5638: -c: command not found
configure:5643: $? = 127
configure: failed program was:
|       program main
| #ifndef __GNUC__
|        choke me
| #endif
| 
|       end
configure:5660: result: no
configure:5666: checking whether  accepts -g
configure:5683:  -c -g conftest.f >&5
./configure: line 5684: -c: command not found
configure:5689: $? = 127
configure: failed program was:
|       program main
| 
|       end
configure:5705: result: no
configure:5734: checking the maximum length of command line arguments
configure:5846: result: 98304
configure:5858: checking command to parse /usr/bin/nm -B output from gcc object
configure:5963: gcc -c -g -O2  conftest.c >&5
configure:5966: $? = 0
configure:5970: /usr/bin/nm -B conftest.o \| sed -n -e 's/^.*[ 	]\([ABCDGIRSTW][ABCDGIRSTW]*\)[ 	][ 	]*\([_A-Za-z][_A-Za-z0-9]*\)$/\1 \2 \2/p' \> conftest.nm
configure:5973: $? = 0
configure:6025: gcc -o conftest -g -O2   conftest.c conftstm.o >&5
configure:6028: $? = 0
configure:6066: result: ok
configure:6070: checking for objdir
configure:6085: result: .libs
configure:6177: checking for ar
configure:6193: found /usr/bin/ar
configure:6204: result: ar
configure:6273: checking for ranlib
configure:6289: found /usr/bin/ranlib
configure:6300: result: ranlib
configure:6369: checking for strip
configure:6385: found /usr/bin/strip
configure:6396: result: strip
configure:6994: checking if gcc supports -fno-rtti -fno-exceptions
configure:7012: gcc -c -g -O2  -fno-rtti -fno-exceptions conftest.c >&5
cc1: warning: command line option "-fno-rtti" is valid for C++/ObjC++ but not for C
configure:7016: $? = 0
configure:7029: result: no
configure:7044: checking for gcc option to produce PIC
configure:7276: result: -fPIC
configure:7284: checking if gcc PIC flag -fPIC works
configure:7302: gcc -c -g -O2  -fPIC -DPIC conftest.c >&5
configure:7306: $? = 0
configure:7319: result: yes
configure:7347: checking if gcc static flag -static works
configure:7375: result: yes
configure:7385: checking if gcc supports -c -o file.o
configure:7406: gcc -c -g -O2  -o out/conftest2.o conftest.c >&5
configure:7410: $? = 0
configure:7432: result: yes
configure:7458: checking whether the gcc linker (/usr/bin/ld) supports shared libraries
configure:8439: result: yes
configure:8460: checking whether -lc should be explicitly linked in
configure:8465: gcc -c -g -O2  conftest.c >&5
configure:8468: $? = 0
configure:8483: gcc -shared conftest.o  -v -Wl,-soname -Wl,conftest -o conftest 2\>\&1 \| grep  -lc  \>/dev/null 2\>\&1
configure:8486: $? = 0
configure:8498: result: no
configure:8506: checking dynamic linker characteristics
configure:9120: result: GNU/Linux ld.so
configure:9144: checking how to hardcode library paths into programs
configure:9169: result: immediate
configure:9183: checking whether stripping libraries is possible
configure:9188: result: yes
configure:9312: checking for shl_load
configure:9368: gcc -o conftest -g -O2   conftest.c  >&5
/tmp/cceBfudp.o: In function `main':
/home/splinter/bennugd/modules/conftest.c:53: undefined reference to `shl_load'
collect2: ld returned 1 exit status
configure:9374: $? = 1
configure: failed program was:
| /* confdefs.h.  */
| #define PACKAGE_NAME "bennu"
| #define PACKAGE_TARNAME "bennu"
| #define PACKAGE_VERSION "0.93"
| #define PACKAGE_STRING "bennu 0.93"
| #define PACKAGE_BUGREPORT ""
| #define STDC_HEADERS 1
| #define HAVE_SYS_TYPES_H 1
| #define HAVE_SYS_STAT_H 1
| #define HAVE_STDLIB_H 1
| #define HAVE_STRING_H 1
| #define HAVE_MEMORY_H 1
| #define HAVE_STRINGS_H 1
| #define HAVE_INTTYPES_H 1
| #define HAVE_STDINT_H 1
| #define HAVE_UNISTD_H 1
| #define HAVE_DLFCN_H 1
| /* end confdefs.h.  */
| /* Define shl_load to an innocuous variant, in case <limits.h> declares shl_load.
|    For example, HP-UX 11i <limits.h> declares gettimeofday.  */
| #define shl_load innocuous_shl_load
| 
| /* System header to define __stub macros and hopefully few prototypes,
|     which can conflict with char shl_load (); below.
|     Prefer <limits.h> to <assert.h> if __STDC__ is defined, since
|     <limits.h> exists even on freestanding compilers.  */
| 
| #ifdef __STDC__
| # include <limits.h>
| #else
| # include <assert.h>
| #endif
| 
| #undef shl_load
| 
| /* Override any GCC internal prototype to avoid an error.
|    Use char because int might match the return type of a GCC
|    builtin and then its argument prototype would still apply.  */
| #ifdef __cplusplus
| extern "C"
| #endif
| char shl_load ();
| /* The GNU C library defines this for functions which it implements
|     to always fail with ENOSYS.  Some functions are actually named
|     something starting with __ and the normal name is an alias.  */
| #if defined __stub_shl_load || defined __stub___shl_load
| choke me
| #endif
| 
| int
| main ()
| {
| return shl_load ();
|   ;
|   return 0;
| }
configure:9391: result: no
configure:9396: checking for shl_load in -ldld
configure:9431: gcc -o conftest -g -O2   conftest.c -ldld   >&5
/usr/bin/ld: cannot find -ldld
collect2: ld returned 1 exit status
configure:9437: $? = 1
configure: failed program was:
| /* confdefs.h.  */
| #define PACKAGE_NAME "bennu"
| #define PACKAGE_TARNAME "bennu"
| #define PACKAGE_VERSION "0.93"
| #define PACKAGE_STRING "bennu 0.93"
| #define PACKAGE_BUGREPORT ""
| #define STDC_HEADERS 1
| #define HAVE_SYS_TYPES_H 1
| #define HAVE_SYS_STAT_H 1
| #define HAVE_STDLIB_H 1
| #define HAVE_STRING_H 1
| #define HAVE_MEMORY_H 1
| #define HAVE_STRINGS_H 1
| #define HAVE_INTTYPES_H 1
| #define HAVE_STDINT_H 1
| #define HAVE_UNISTD_H 1
| #define HAVE_DLFCN_H 1
| /* end confdefs.h.  */
| 
| /* Override any GCC internal prototype to avoid an error.
|    Use char because int might match the return type of a GCC
|    builtin and then its argument prototype would still apply.  */
| #ifdef __cplusplus
| extern "C"
| #endif
| char shl_load ();
| int
| main ()
| {
| return shl_load ();
|   ;
|   return 0;
| }
configure:9455: result: no
configure:9460: checking for dlopen
configure:9516: gcc -o conftest -g -O2   conftest.c  >&5
/tmp/ccKNKoaH.o: In function `main':
/home/splinter/bennugd/modules/conftest.c:53: undefined reference to `dlopen'
collect2: ld returned 1 exit status
configure:9522: $? = 1
configure: failed program was:
| /* confdefs.h.  */
| #define PACKAGE_NAME "bennu"
| #define PACKAGE_TARNAME "bennu"
| #define PACKAGE_VERSION "0.93"
| #define PACKAGE_STRING "bennu 0.93"
| #define PACKAGE_BUGREPORT ""
| #define STDC_HEADERS 1
| #define HAVE_SYS_TYPES_H 1
| #define HAVE_SYS_STAT_H 1
| #define HAVE_STDLIB_H 1
| #define HAVE_STRING_H 1
| #define HAVE_MEMORY_H 1
| #define HAVE_STRINGS_H 1
| #define HAVE_INTTYPES_H 1
| #define HAVE_STDINT_H 1
| #define HAVE_UNISTD_H 1
| #define HAVE_DLFCN_H 1
| /* end confdefs.h.  */
| /* Define dlopen to an innocuous variant, in case <limits.h> declares dlopen.
|    For example, HP-UX 11i <limits.h> declares gettimeofday.  */
| #define dlopen innocuous_dlopen
| 
| /* System header to define __stub macros and hopefully few prototypes,
|     which can conflict with char dlopen (); below.
|     Prefer <limits.h> to <assert.h> if __STDC__ is defined, since
|     <limits.h> exists even on freestanding compilers.  */
| 
| #ifdef __STDC__
| # include <limits.h>
| #else
| # include <assert.h>
| #endif
| 
| #undef dlopen
| 
| /* Override any GCC internal prototype to avoid an error.
|    Use char because int might match the return type of a GCC
|    builtin and then its argument prototype would still apply.  */
| #ifdef __cplusplus
| extern "C"
| #endif
| char dlopen ();
| /* The GNU C library defines this for functions which it implements
|     to always fail with ENOSYS.  Some functions are actually named
|     something starting with __ and the normal name is an alias.  */
| #if defined __stub_dlopen || defined __stub___dlopen
| choke me
| #endif
| 
| int
| main ()
| {
| return dlopen ();
|   ;
|   return 0;
| }
configure:9539: result: no
configure:9544: checking for dlopen in -ldl
configure:9579: gcc -o conftest -g -O2   conftest.c -ldl   >&5
configure:9585: $? = 0
configure:9603: result: yes
configure:9772: checking whether a program can dlopen itself
configure:9846: gcc -o conftest -g -O2  -DHAVE_DLFCN_H  -Wl,--export-dynamic conftest.c -ldl  >&5
configure: In function 'main':
configure:9842: warning: incompatible implicit declaration of built-in function 'exit'
configure:9849: $? = 0
configure:9867: result: yes
configure:9872: checking whether a statically linked program can dlopen itself
configure:9946: gcc -o conftest -g -O2  -DHAVE_DLFCN_H  -Wl,--export-dynamic -static conftest.c -ldl  >&5
configure: In function 'main':
configure:9942: warning: incompatible implicit declaration of built-in function 'exit'
/tmp/ccu92jPi.o: In function `main':
/home/splinter/bennugd/modules/configure:9930: warning: Using 'dlopen' in statically linked applications requires at runtime the shared libraries from the glibc version used for linking
configure:9949: $? = 0
/lib/: cannot read file data: Is a directory
configure:9967: result: no
configure:9990: checking if libtool supports shared libraries
configure:9992: result: yes
configure:9995: checking whether to build shared libraries
configure:10016: result: yes
configure:10019: checking whether to build static libraries
configure:10023: result: yes
configure:10117: creating libtool
configure:10710: checking for ld used by g++
configure:10777: result: /usr/bin/ld
configure:10786: checking if the linker (/usr/bin/ld) is GNU ld
configure:10801: result: yes
configure:10852: checking whether the g++ linker (/usr/bin/ld) supports shared libraries
configure:11798: result: yes
configure:11815: g++ -c -g -O2  conftest.cpp >&5
configure:11818: $? = 0
configure:11974: checking for g++ option to produce PIC
configure:12258: result: -fPIC
configure:12266: checking if g++ PIC flag -fPIC works
configure:12284: g++ -c -g -O2  -fPIC -DPIC conftest.cpp >&5
configure:12288: $? = 0
configure:12301: result: yes
configure:12329: checking if g++ static flag -static works
configure:12357: result: yes
configure:12367: checking if g++ supports -c -o file.o
configure:12388: g++ -c -g -O2  -o out/conftest2.o conftest.cpp >&5
configure:12392: $? = 0
configure:12414: result: yes
configure:12440: checking whether the g++ linker (/usr/bin/ld) supports shared libraries
configure:12469: result: yes
configure:12536: checking dynamic linker characteristics
configure:13098: result: GNU/Linux ld.so
configure:13122: checking how to hardcode library paths into programs
configure:13147: result: immediate
configure:19395: checking whether to enable maintainer-specific portions of Makefiles
configure:19404: result: no
configure:19479: checking for windres
configure:19509: result: no
configure:19583: checking for a BSD-compatible install
configure:19639: result: /usr/bin/install -c
configure:19650: checking whether build environment is sane
configure:19693: result: yes
configure:19708: checking for a thread-safe mkdir -p
configure:19747: result: /bin/mkdir -p
configure:19760: checking for gawk
configure:19790: result: no
configure:19760: checking for mawk
configure:19776: found /usr/bin/mawk
configure:19787: result: mawk
configure:19798: checking whether make sets $(MAKE)
configure:19819: result: yes
configure:19849: checking for style of include used by make
configure:19877: result: GNU
configure:20070: checking dependency style of gcc
configure:20161: result: gcc3
configure:20178: checking dependency style of g++
configure:20269: result: gcc3
configure:20334: checking for gcc
configure:20361: result: gcc
configure:20599: checking for C compiler version
configure:20606: gcc --version >&5
gcc (Debian 4.3.2-1) 4.3.2
Copyright (C) 2008 Free Software Foundation, Inc.
This is free software; see the source for copying conditions.  There is NO
warranty; not even for MERCHANTABILITY or FITNESS FOR A PARTICULAR PURPOSE.

configure:20609: $? = 0
configure:20616: gcc -v >&5
Using built-in specs.
Target: i486-linux-gnu
Configured with: ../src/configure -v --with-pkgversion='Debian 4.3.2-1' --with-bugurl=file:///usr/share/doc/gcc-4.3/README.Bugs --enable-languages=c,c++,fortran,objc,obj-c++ --prefix=/usr --enable-shared --with-system-zlib --libexecdir=/usr/lib --without-included-gettext --enable-threads=posix --enable-nls --with-gxx-include-dir=/usr/include/c++/4.3 --program-suffix=-4.3 --enable-clocale=gnu --enable-libstdcxx-debug --enable-objc-gc --enable-mpfr --enable-targets=all --enable-cld --enable-checking=release --build=i486-linux-gnu --host=i486-linux-gnu --target=i486-linux-gnu
Thread model: posix
gcc version 4.3.2 (Debian 4.3.2-1) 
configure:20619: $? = 0
configure:20626: gcc -V >&5
gcc: '-V' option must have argument
configure:20629: $? = 1
configure:20632: checking whether we are using the GNU C compiler
configure:20684: result: yes
configure:20689: checking whether gcc accepts -g
configure:20824: result: yes
configure:20841: checking for gcc option to accept ISO C89
configure:20944: result: none needed
configure:20963: checking for fabs in -lm
configure:20998: gcc -o conftest -g -O2   conftest.c -lm   >&5
conftest.c:28: warning: conflicting types for built-in function 'fabs'
configure:21004: $? = 0
configure:21022: result: yes
configure:21041: checking for png_read_info in -lpng
configure:21076: gcc -o conftest -O2 -finline-functions -fno-strict-aliasing    conftest.c -lpng -lz -lm  >&5
configure:21082: $? = 0
configure:21100: result: yes
configure:21113: checking png.h usability
configure:21130: gcc -c -O2 -finline-functions -fno-strict-aliasing   conftest.c >&5
configure:21136: $? = 0
configure:21150: result: yes
configure:21154: checking png.h presence
configure:21169: gcc -E  conftest.c
configure:21175: $? = 0
configure:21189: result: yes
configure:21217: checking for png.h
configure:21224: result: yes
configure:21240: checking for gzsetparams in -lz
configure:21275: gcc -o conftest -O2 -finline-functions -fno-strict-aliasing    conftest.c -lz   >&5
configure:21281: $? = 0
configure:21299: result: yes
configure:21312: checking zlib.h usability
configure:21329: gcc -c -O2 -finline-functions -fno-strict-aliasing   conftest.c >&5
configure:21335: $? = 0
configure:21349: result: yes
configure:21353: checking zlib.h presence
configure:21368: gcc -E  conftest.c
configure:21374: $? = 0
configure:21388: result: yes
configure:21416: checking for zlib.h
configure:21423: result: yes
configure:21482: checking for sdl-config
configure:21500: found /usr/bin/sdl-config
configure:21513: result: /usr/bin/sdl-config
configure:21522: checking for SDL - version >= 1.2.0
configure:21619: gcc -o conftest -O2 -finline-functions -fno-strict-aliasing  -I/usr/include/SDL -D_GNU_SOURCE=1 -D_REENTRANT   conftest.c  -L/usr/lib -lSDL >&5
configure:21622: $? = 0
configure:21628: ./conftest
configure:21631: $? = 0
configure:21652: result: yes
configure:21749: checking for Mix_AllocateChannels in -lSDL_mixer
configure:21784: gcc -o conftest -O2 -finline-functions -fno-strict-aliasing    conftest.c -lSDL_mixer   >&5
configure:21790: $? = 0
configure:21808: result: yes
configure:21819: checking for XQueryTree,XMoveWindow in -lX11
configure:21854: gcc -o conftest -O2 -finline-functions -fno-strict-aliasing    conftest.c -lX11   >&5
configure:21860: $? = 0
configure:21878: result: yes
configure:22062: creating ./config.status

## ---------------------- ##
## Running config.status. ##
## ---------------------- ##

This file was extended by bennu config.status 0.93, which was
generated by GNU Autoconf 2.61.  Invocation command line was

  CONFIG_FILES    = 
  CONFIG_HEADERS  = 
  CONFIG_LINKS    = 
  CONFIG_COMMANDS = 
  $ ./config.status 

on splinter

config.status:711: creating Makefile
config.status:711: creating libgrbase/Makefile
config.status:711: creating libvideo/Makefile
config.status:711: creating libblit/Makefile
config.status:711: creating librender/Makefile
config.status:711: creating libdraw/Makefile
config.status:711: creating libfont/Makefile
config.status:711: creating libtext/Makefile
config.status:711: creating libsdlhandler/Makefile
config.status:711: creating libwm/Makefile
config.status:711: creating libkey/Makefile
config.status:711: creating libmouse/Makefile
config.status:711: creating libscroll/Makefile
config.status:711: creating mod_scroll/Makefile
config.status:711: creating mod_mouse/Makefile
config.status:711: creating mod_map/Makefile
config.status:711: creating mod_video/Makefile
config.status:711: creating mod_screen/Makefile
config.status:711: creating mod_blendop/Makefile
config.status:711: creating mod_text/Makefile
config.status:711: creating mod_draw/Makefile
config.status:711: creating mod_grproc/Makefile
config.status:711: creating mod_effects/Makefile
config.status:711: creating mod_key/Makefile
config.status:711: creating mod_cd/Makefile
config.status:711: creating mod_dir/Makefile
config.status:711: creating mod_file/Makefile
config.status:711: creating mod_joy/Makefile
config.status:711: creating mod_math/Makefile
config.status:711: creating mod_mem/Makefile
config.status:711: creating mod_proc/Makefile
config.status:711: creating mod_rand/Makefile
config.status:711: creating mod_regex/Makefile
config.status:711: creating mod_say/Makefile
config.status:711: creating mod_sort/Makefile
config.status:711: creating mod_sound/Makefile
config.status:711: creating mod_string/Makefile
config.status:711: creating mod_sys/Makefile
config.status:711: creating mod_time/Makefile
config.status:711: creating mod_timers/Makefile
config.status:711: creating mod_path/Makefile
config.status:711: creating mod_wm/Makefile
config.status:711: creating mod_debug/Makefile
config.status:711: creating mod_flic/Makefile
config.status:711: creating mod_m7/Makefile
config.status:711: creating mod_ffi/Makefile
config.status:902: executing depfiles commands

## ---------------- ##
## Cache variables. ##
## ---------------- ##

ac_cv_build=i686-pc-linux-gnu
ac_cv_c_compiler_gnu=yes
ac_cv_cxx_compiler_gnu=yes
ac_cv_env_CCC_set=
ac_cv_env_CCC_value=
ac_cv_env_CC_set=
ac_cv_env_CC_value=
ac_cv_env_CFLAGS_set=
ac_cv_env_CFLAGS_value=
ac_cv_env_CPPFLAGS_set=
ac_cv_env_CPPFLAGS_value=
ac_cv_env_CPP_set=
ac_cv_env_CPP_value=
ac_cv_env_CXXCPP_set=
ac_cv_env_CXXCPP_value=
ac_cv_env_CXXFLAGS_set=
ac_cv_env_CXXFLAGS_value=
ac_cv_env_CXX_set=
ac_cv_env_CXX_value=
ac_cv_env_F77_set=
ac_cv_env_F77_value=
ac_cv_env_FFLAGS_set=
ac_cv_env_FFLAGS_value=
ac_cv_env_LDFLAGS_set=
ac_cv_env_LDFLAGS_value=
ac_cv_env_LIBS_set=
ac_cv_env_LIBS_value=
ac_cv_env_build_alias_set=
ac_cv_env_build_alias_value=
ac_cv_env_host_alias_set=
ac_cv_env_host_alias_value=
ac_cv_env_target_alias_set=
ac_cv_env_target_alias_value=
ac_cv_f77_compiler_gnu=no
ac_cv_func_dlopen=no
ac_cv_func_shl_load=no
ac_cv_header_dlfcn_h=yes
ac_cv_header_inttypes_h=yes
ac_cv_header_memory_h=yes
ac_cv_header_png_h=yes
ac_cv_header_stdc=yes
ac_cv_header_stdint_h=yes
ac_cv_header_stdlib_h=yes
ac_cv_header_string_h=yes
ac_cv_header_strings_h=yes
ac_cv_header_sys_stat_h=yes
ac_cv_header_sys_types_h=yes
ac_cv_header_unistd_h=yes
ac_cv_header_zlib_h=yes
ac_cv_host=i686-pc-linux-gnu
ac_cv_lib_SDL_mixer_Mix_AllocateChannels=yes
ac_cv_lib_X11_XQueryTree=yes
ac_cv_lib_dl_dlopen=yes
ac_cv_lib_dld_shl_load=no
ac_cv_lib_m_fabs=yes
ac_cv_lib_png_png_read_info=yes
ac_cv_lib_z_gzsetparams=yes
ac_cv_objext=o
ac_cv_path_EGREP='/bin/grep -E'
ac_cv_path_GREP=/bin/grep
ac_cv_path_SDL_CONFIG=/usr/bin/sdl-config
ac_cv_path_install='/usr/bin/install -c'
ac_cv_path_mkdir=/bin/mkdir
ac_cv_prog_AWK=mawk
ac_cv_prog_CPP='gcc -E'
ac_cv_prog_CXXCPP='g++ -E'
ac_cv_prog_ac_ct_AR=ar
ac_cv_prog_ac_ct_CC=gcc
ac_cv_prog_ac_ct_CXX=g++
ac_cv_prog_ac_ct_RANLIB=ranlib
ac_cv_prog_ac_ct_STRIP=strip
ac_cv_prog_cc_c89=
ac_cv_prog_cc_g=yes
ac_cv_prog_cxx_g=yes
ac_cv_prog_f77_g=no
ac_cv_prog_make_make_set=yes
ac_cv_target=i686-pc-linux-gnu
am_cv_CC_dependencies_compiler_type=gcc3
am_cv_CXX_dependencies_compiler_type=gcc3
lt_cv_deplibs_check_method=pass_all
lt_cv_dlopen=dlopen
lt_cv_dlopen_libs=-ldl
lt_cv_dlopen_self=yes
lt_cv_dlopen_self_static=no
lt_cv_file_magic_cmd='$MAGIC_CMD'
lt_cv_file_magic_test_file=
lt_cv_ld_reload_flag=-r
lt_cv_objdir=.libs
lt_cv_path_LD=/usr/bin/ld
lt_cv_path_LDCXX=/usr/bin/ld
lt_cv_path_NM='/usr/bin/nm -B'
lt_cv_path_SED=/bin/sed
lt_cv_prog_compiler_c_o=yes
lt_cv_prog_compiler_c_o_CXX=yes
lt_cv_prog_compiler_pic_works=yes
lt_cv_prog_compiler_pic_works_CXX=yes
lt_cv_prog_compiler_rtti_exceptions=no
lt_cv_prog_compiler_static_works=yes
lt_cv_prog_compiler_static_works_CXX=yes
lt_cv_prog_gnu_ld=yes
lt_cv_prog_gnu_ldcxx=yes
lt_cv_sys_global_symbol_pipe='sed -n -e '\''s/^.*[ 	]\([ABCDGIRSTW][ABCDGIRSTW]*\)[ 	][ 	]*\([_A-Za-z][_A-Za-z0-9]*\)$/\1 \2 \2/p'\'''
lt_cv_sys_global_symbol_to_c_name_address='sed -n -e '\''s/^: \([^ ]*\) $/  {\"\1\", (lt_ptr) 0},/p'\'' -e '\''s/^[BCDEGRST] \([^ ]*\) \([^ ]*\)$/  {"\2", (lt_ptr) \&\2},/p'\'''
lt_cv_sys_global_symbol_to_cdecl='sed -n -e '\''s/^. .* \(.*\)$/extern int \1;/p'\'''
lt_cv_sys_lib_dlsearch_path_spec='/lib /usr/lib /usr/lib/bgd /usr/lib/bgd/lib /usr/lib/bgd/module /lib/i486-linux-gnu /usr/lib/i486-linux-gnu /usr/local/lib '
lt_cv_sys_lib_search_path_spec='/usr/lib/gcc/i486-linux-gnu/4.3.2 /usr/lib /lib'
lt_cv_sys_max_cmd_len=98304
lt_lt_cv_prog_compiler_c_o='"yes"'
lt_lt_cv_prog_compiler_c_o_CXX='"yes"'
lt_lt_cv_sys_global_symbol_pipe='"sed -n -e '\''s/^.*[ 	]\\([ABCDGIRSTW][ABCDGIRSTW]*\\)[ 	][ 	]*\\([_A-Za-z][_A-Za-z0-9]*\\)\$/\\1 \\2 \\2/p'\''"'
lt_lt_cv_sys_global_symbol_to_c_name_address='"sed -n -e '\''s/^: \\([^ ]*\\) \$/  {\\\"\\1\\\", (lt_ptr) 0},/p'\'' -e '\''s/^[BCDEGRST] \\([^ ]*\\) \\([^ ]*\\)\$/  {\"\\2\", (lt_ptr) \\&\\2},/p'\''"'
lt_lt_cv_sys_global_symbol_to_cdecl='"sed -n -e '\''s/^. .* \\(.*\\)\$/extern int \\1;/p'\''"'

## ----------------- ##
## Output variables. ##
## ----------------- ##

ACLOCAL='${SHELL} /home/splinter/bennugd/modules/missing --run aclocal-1.10'
AMDEPBACKSLASH='\'
AMDEP_FALSE='#'
AMDEP_TRUE=''
AMTAR='${SHELL} /home/splinter/bennugd/modules/missing --run tar'
AR='ar'
AS='as'
AUTOCONF='${SHELL} /home/splinter/bennugd/modules/missing --run autoconf'
AUTOHEADER='${SHELL} /home/splinter/bennugd/modules/missing --run autoheader'
AUTOMAKE='${SHELL} /home/splinter/bennugd/modules/missing --run automake-1.10'
AWK='mawk'
BGD_PATH='/home/splinter/bennugd/core'
CC='gcc'
CCDEPMODE='depmode=gcc3'
CFLAGS='-O2 -finline-functions -fno-strict-aliasing '
COMMON_CFLAGS='-Wall -DTARGET_LINUX'
COMMON_LIBS=' -lc -lz -ldl'
CPP='gcc -E'
CPPFLAGS=''
CXX='g++'
CXXCPP='g++ -E'
CXXDEPMODE='depmode=gcc3'
CXXFLAGS='-g -O2'
CYGPATH_W='echo'
DEFS='-DPACKAGE_NAME=\"bennu\" -DPACKAGE_TARNAME=\"bennu\" -DPACKAGE_VERSION=\"0.93\" -DPACKAGE_STRING=\"bennu\ 0.93\" -DPACKAGE_BUGREPORT=\"\" -DSTDC_HEADERS=1 -DHAVE_SYS_TYPES_H=1 -DHAVE_SYS_STAT_H=1 -DHAVE_STDLIB_H=1 -DHAVE_STRING_H=1 -DHAVE_MEMORY_H=1 -DHAVE_STRINGS_H=1 -DHAVE_INTTYPES_H=1 -DHAVE_STDINT_H=1 -DHAVE_UNISTD_H=1 -DHAVE_DLFCN_H=1 -DPACKAGE=\"bennu\" -DVERSION=\"0.93\" -DHAVE_LIBX11=1'
DEPDIR='.deps'
DLLTOOL='dlltool'
DSYMUTIL=''
ECHO='echo'
ECHO_C=''
ECHO_N='-n'
ECHO_T=''
EGREP='/bin/grep -E'
EXEEXT=''
F77=''
FFLAGS=''
GREP='/bin/grep'
HAVE_WINDRES_FALSE=''
HAVE_WINDRES_TRUE='#'
INSTALL_DATA='${INSTALL} -m 644'
INSTALL_PROGRAM='${INSTALL}'
INSTALL_SCRIPT='${INSTALL}'
INSTALL_STRIP_PROGRAM='$(install_sh) -c -s'
LDFLAGS=''
LIBOBJS=''
LIBS='-lX11 '
LIBTOOL='$(SHELL) $(top_builddir)/libtool'
LN_S='ln -s'
LTLIBOBJS=''
MAINT='#'
MAINTAINER_MODE_FALSE=''
MAINTAINER_MODE_TRUE='#'
MAKEINFO='${SHELL} /home/splinter/bennugd/modules/missing --run makeinfo'
NMEDIT=''
OBJDUMP='objdump'
OBJEXT='o'
PACKAGE='bennu'
PACKAGE_BUGREPORT=''
PACKAGE_NAME='bennu'
PACKAGE_STRING='bennu 0.93'
PACKAGE_TARNAME='bennu'
PACKAGE_VERSION='0.93'
PATH_SEPARATOR=':'
RANLIB='ranlib'
SDL_CFLAGS='-I/usr/include/SDL -D_GNU_SOURCE=1 -D_REENTRANT'
SDL_CONFIG='/usr/bin/sdl-config'
SDL_LIBS='-L/usr/lib -lSDL'
SED='/bin/sed'
SET_MAKE=''
SHELL='/bin/sh'
STRIP='strip'
VERSION='0.93'
WINDRES=''
ac_ct_CC='gcc'
ac_ct_CXX='g++'
ac_ct_F77=''
am__fastdepCC_FALSE='#'
am__fastdepCC_TRUE=''
am__fastdepCXX_FALSE='#'
am__fastdepCXX_TRUE=''
am__include='include'
am__isrc=''
am__leading_dot='.'
am__quote=''
am__tar='${AMTAR} chof - "$$tardir"'
am__untar='${AMTAR} xf -'
bindir='${exec_prefix}/bin'
build='i686-pc-linux-gnu'
build_alias=''
build_cpu='i686'
build_os='linux-gnu'
build_vendor='pc'
datadir='${datarootdir}'
datarootdir='${prefix}/share'
docdir='${datarootdir}/doc/${PACKAGE_TARNAME}'
dvidir='${docdir}'
exec_prefix='${prefix}'
host='i686-pc-linux-gnu'
host_alias=''
host_cpu='i686'
host_os='linux-gnu'
host_vendor='pc'
htmldir='${docdir}'
includedir='${prefix}/include'
infodir='${datarootdir}/info'
install_sh='$(SHELL) /home/splinter/bennugd/modules/install-sh'
libdir='${exec_prefix}/lib'
libexecdir='${exec_prefix}/libexec'
localedir='${datarootdir}/locale'
localstatedir='${prefix}/var'
mandir='${datarootdir}/man'
mkdir_p='/bin/mkdir -p'
oldincludedir='/usr/include'
pdfdir='${docdir}'
prefix='/usr/local'
program_transform_name='s,x,x,'
psdir='${docdir}'
sbindir='${exec_prefix}/sbin'
sharedstatedir='${prefix}/com'
sysconfdir='${prefix}/etc'
target='i686-pc-linux-gnu'
target_alias=''
target_cpu='i686'
target_os='linux-gnu'
target_vendor='pc'

## ----------- ##
## confdefs.h. ##
## ----------- ##

#define PACKAGE_NAME "bennu"
#define PACKAGE_TARNAME "bennu"
#define PACKAGE_VERSION "0.93"
#define PACKAGE_STRING "bennu 0.93"
#define PACKAGE_BUGREPORT ""
#define STDC_HEADERS 1
#define HAVE_SYS_TYPES_H 1
#define HAVE_SYS_STAT_H 1
#define HAVE_STDLIB_H 1
#define HAVE_STRING_H 1
#define HAVE_MEMORY_H 1
#define HAVE_STRINGS_H 1
#define HAVE_INTTYPES_H 1
#define HAVE_STDINT_H 1
#define HAVE_UNISTD_H 1
#define HAVE_DLFCN_H 1
#define PACKAGE "bennu"
#define VERSION "0.93"
#define HAVE_LIBX11 1

configure: exit 0
