This file contains any messages produced by compilers while
running configure, to aid debugging if configure makes a mistake.

It was created by bennu configure 0.93, which was
generated by GNU Autoconf 2.61.  Invocation command line was

  $ ./configure 

## --------- ##
## Platform. ##
## --------- ##

hostname = splinter
uname -m = i686
uname -r = 2.6.26-1-686
uname -s = Linux
uname -v = #1 SMP Mon Dec 15 18:15:07 UTC 2008

/usr/bin/uname -p = unknown
/bin/uname -X     = unknown

/bin/arch              = unknown
/usr/bin/arch -k       = unknown
/usr/convex/getsysinfo = unknown
/usr/bin/hostinfo      = unknown
/bin/machine           = unknown
/usr/bin/oslevel       = unknown
/bin/universe          = unknown

PATH: /home/splinter/bin
PATH: /usr/local/bin
PATH: /usr/bin
PATH: /bin
PATH: /usr/games


## ----------- ##
## Core tests. ##
## ----------- ##

configure:1985: checking build system type
configure:2003: result: i686-pc-linux-gnu
configure:2025: checking host system type
configure:2040: result: i686-pc-linux-gnu
configure:2062: checking target system type
configure:2077: result: i686-pc-linux-gnu
configure:2243: checking for gcc
configure:2259: found /usr/bin/gcc
configure:2270: result: gcc
configure:2508: checking for C compiler version
configure:2515: gcc --version >&5
gcc (Debian 4.3.2-1) 4.3.2
Copyright (C) 2008 Free Software Foundation, Inc.
This is free software; see the source for copying conditions.  There is NO
warranty; not even for MERCHANTABILITY or FITNESS FOR A PARTICULAR PURPOSE.

configure:2518: $? = 0
configure:2525: gcc -v >&5
Using built-in specs.
Target: i486-linux-gnu
Configured with: ../src/configure -v --with-pkgversion='Debian 4.3.2-1' --with-bugurl=file:///usr/share/doc/gcc-4.3/README.Bugs --enable-languages=c,c++,fortran,objc,obj-c++ --prefix=/usr --enable-shared --with-system-zlib --libexecdir=/usr/lib --without-included-gettext --enable-threads=posix --enable-nls --with-gxx-include-dir=/usr/include/c++/4.3 --program-suffix=-4.3 --enable-clocale=gnu --enable-libstdcxx-debug --enable-objc-gc --enable-mpfr --enable-targets=all --enable-cld --enable-checking=release --build=i486-linux-gnu --host=i486-linux-gnu --target=i486-linux-gnu
Thread model: posix
gcc version 4.3.2 (Debian 4.3.2-1) 
configure:2528: $? = 0
configure:2535: gcc -V >&5
gcc: '-V' option must have argument
configure:2538: $? = 1
configure:2561: checking for C compiler default output file name
configure:2588: gcc    conftest.c  >&5
configure:2591: $? = 0
configure:2629: result: a.out
configure:2646: checking whether the C compiler works
configure:2656: ./a.out
configure:2659: $? = 0
configure:2676: result: yes
configure:2683: checking whether we are cross compiling
configure:2685: result: no
configure:2688: checking for suffix of executables
configure:2695: gcc -o conftest    conftest.c  >&5
configure:2698: $? = 0
configure:2722: result: 
configure:2728: checking for suffix of object files
configure:2754: gcc -c   conftest.c >&5
configure:2757: $? = 0
configure:2780: result: o
configure:2784: checking whether we are using the GNU C compiler
configure:2813: gcc -c   conftest.c >&5
configure:2819: $? = 0
configure:2836: result: yes
configure:2841: checking whether gcc accepts -g
configure:2871: gcc -c -g  conftest.c >&5
configure:2877: $? = 0
configure:2976: result: yes
configure:2993: checking for gcc option to accept ISO C89
configure:3067: gcc  -c -g -O2  conftest.c >&5
configure:3073: $? = 0
configure:3096: result: none needed
configure:3114: checking for a sed that does not truncate output
configure:3168: result: /bin/sed
configure:3171: checking for grep that handles long lines and -e
configure:3245: result: /bin/grep
configure:3250: checking for egrep
configure:3328: result: /bin/grep -E
configure:3344: checking for ld used by gcc
configure:3411: result: /usr/bin/ld
configure:3420: checking if the linker (/usr/bin/ld) is GNU ld
configure:3435: result: yes
configure:3440: checking for /usr/bin/ld option to reload object files
configure:3447: result: -r
configure:3465: checking for BSD-compatible nm
configure:3514: result: /usr/bin/nm -B
configure:3518: checking whether ln -s works
configure:3522: result: yes
configure:3529: checking how to recognise dependent libraries
configure:3707: result: pass_all
configure:4231: checking how to run the C preprocessor
configure:4271: gcc -E  conftest.c
configure:4277: $? = 0
configure:4308: gcc -E  conftest.c
conftest.c:8:28: error: ac_nonexistent.h: No such file or directory
configure:4314: $? = 1
configure: failed program was:
| /* confdefs.h.  */
| #define PACKAGE_NAME "bennu"
| #define PACKAGE_TARNAME "bennu"
| #define PACKAGE_VERSION "0.93"
| #define PACKAGE_STRING "bennu 0.93"
| #define PACKAGE_BUGREPORT ""
| /* end confdefs.h.  */
| #include <ac_nonexistent.h>
configure:4347: result: gcc -E
configure:4376: gcc -E  conftest.c
configure:4382: $? = 0
configure:4413: gcc -E  conftest.c
conftest.c:8:28: error: ac_nonexistent.h: No such file or directory
configure:4419: $? = 1
configure: failed program was:
| /* confdefs.h.  */
| #define PACKAGE_NAME "bennu"
| #define PACKAGE_TARNAME "bennu"
| #define PACKAGE_VERSION "0.93"
| #define PACKAGE_STRING "bennu 0.93"
| #define PACKAGE_BUGREPORT ""
| /* end confdefs.h.  */
| #include <ac_nonexistent.h>
configure:4457: checking for ANSI C header files
configure:4487: gcc -c -g -O2  conftest.c >&5
configure:4493: $? = 0
configure:4592: gcc -o conftest -g -O2   conftest.c  >&5
configure:4595: $? = 0
configure:4601: ./conftest
configure:4604: $? = 0
configure:4621: result: yes
configure:4645: checking for sys/types.h
configure:4666: gcc -c -g -O2  conftest.c >&5
configure:4672: $? = 0
configure:4688: result: yes
configure:4645: checking for sys/stat.h
configure:4666: gcc -c -g -O2  conftest.c >&5
configure:4672: $? = 0
configure:4688: result: yes
configure:4645: checking for stdlib.h
configure:4666: gcc -c -g -O2  conftest.c >&5
configure:4672: $? = 0
configure:4688: result: yes
configure:4645: checking for string.h
configure:4666: gcc -c -g -O2  conftest.c >&5
configure:4672: $? = 0
configure:4688: result: yes
configure:4645: checking for memory.h
configure:4666: gcc -c -g -O2  conftest.c >&5
configure:4672: $? = 0
configure:4688: result: yes
configure:4645: checking for strings.h
configure:4666: gcc -c -g -O2  conftest.c >&5
configure:4672: $? = 0
configure:4688: result: yes
configure:4645: checking for inttypes.h
configure:4666: gcc -c -g -O2  conftest.c >&5
configure:4672: $? = 0
configure:4688: result: yes
configure:4645: checking for stdint.h
configure:4666: gcc -c -g -O2  conftest.c >&5
configure:4672: $? = 0
configure:4688: result: yes
configure:4645: checking for unistd.h
configure:4666: gcc -c -g -O2  conftest.c >&5
configure:4672: $? = 0
configure:4688: result: yes
configure:4715: checking dlfcn.h usability
configure:4732: gcc -c -g -O2  conftest.c >&5
configure:4738: $? = 0
configure:4752: result: yes
configure:4756: checking dlfcn.h presence
configure:4771: gcc -E  conftest.c
configure:4777: $? = 0
configure:4791: result: yes
configure:4819: checking for dlfcn.h
configure:4827: result: yes
configure:4898: checking for g++
configure:4914: found /usr/bin/g++
configure:4925: result: g++
configure:4956: checking for C++ compiler version
configure:4963: g++ --version >&5
g++ (Debian 4.3.2-1) 4.3.2
Copyright (C) 2008 Free Software Foundation, Inc.
This is free software; see the source for copying conditions.  There is NO
warranty; not even for MERCHANTABILITY or FITNESS FOR A PARTICULAR PURPOSE.

configure:4966: $? = 0
configure:4973: g++ -v >&5
Using built-in specs.
Target: i486-linux-gnu
Configured with: ../src/configure -v --with-pkgversion='Debian 4.3.2-1' --with-bugurl=file:///usr/share/doc/gcc-4.3/README.Bugs --enable-languages=c,c++,fortran,objc,obj-c++ --prefix=/usr --enable-shared --with-system-zlib --libexecdir=/usr/lib --without-included-gettext --enable-threads=posix --enable-nls --with-gxx-include-dir=/usr/include/c++/4.3 --program-suffix=-4.3 --enable-clocale=gnu --enable-libstdcxx-debug --enable-objc-gc --enable-mpfr --enable-targets=all --enable-cld --enable-checking=release --build=i486-linux-gnu --host=i486-linux-gnu --target=i486-linux-gnu
Thread model: posix
gcc version 4.3.2 (Debian 4.3.2-1) 
configure:4976: $? = 0
configure:4983: g++ -V >&5
g++: '-V' option must have argument
configure:4986: $? = 1
configure:4989: checking whether we are using the GNU C++ compiler
configure:5018: g++ -c   conftest.cpp >&5
configure:5024: $? = 0
configure:5041: result: yes
configure:5046: checking whether g++ accepts -g
configure:5076: g++ -c -g  conftest.cpp >&5
configure:5082: $? = 0
configure:5181: result: yes
configure:5214: checking how to run the C++ preprocessor
configure:5250: g++ -E  conftest.cpp
configure:5256: $? = 0
configure:5287: g++ -E  conftest.cpp
conftest.cpp:19:28: error: ac_nonexistent.h: No such file or directory
configure:5293: $? = 1
configure: failed program was:
| /* confdefs.h.  */
| #define PACKAGE_NAME "bennu"
| #define PACKAGE_TARNAME "bennu"
| #define PACKAGE_VERSION "0.93"
| #define PACKAGE_STRING "bennu 0.93"
| #define PACKAGE_BUGREPORT ""
| #define STDC_HEADERS 1
| #define HAVE_SYS_TYPES_H 1
| #define HAVE_SYS_STAT_H 1
| #define HAVE_STDLIB_H 1
| #define HAVE_STRING_H 1
| #define HAVE_MEMORY_H 1
| #define HAVE_STRINGS_H 1
| #define HAVE_INTTYPES_H 1
| #define HAVE_STDINT_H 1
| #define HAVE_UNISTD_H 1
| #define HAVE_DLFCN_H 1
| /* end confdefs.h.  */
| #include <ac_nonexistent.h>
configure:5326: result: g++ -E
configure:5355: g++ -E  conftest.cpp
configure:5361: $? = 0
configure:5392: g++ -E  conftest.cpp
conftest.cpp:19:28: error: ac_nonexistent.h: No such file or directory
configure:5398: $? = 1
configure: failed program was:
| /* confdefs.h.  */
| #define PACKAGE_NAME "bennu"
| #define PACKAGE_TARNAME "bennu"
| #define PACKAGE_VERSION "0.93"
| #define PACKAGE_STRING "bennu 0.93"
| #define PACKAGE_BUGREPORT ""
| #define STDC_HEADERS 1
| #define HAVE_SYS_TYPES_H 1
| #define HAVE_SYS_STAT_H 1
| #define HAVE_STDLIB_H 1
| #define HAVE_STRING_H 1
| #define HAVE_MEMORY_H 1
| #define HAVE_STRINGS_H 1
| #define HAVE_INTTYPES_H 1
| #define HAVE_STDINT_H 1
| #define HAVE_UNISTD_H 1
| #define HAVE_DLFCN_H 1
| /* end confdefs.h.  */
| #include <ac_nonexistent.h>
configure:5491: checking for g77
configure:5521: result: no
configure:5491: checking for xlf
configure:5521: result: no
configure:5491: checking for f77
configure:5521: result: no
configure:5491: checking for frt
configure:5521: result: no
configure:5491: checking for pgf77
configure:5521: result: no
configure:5491: checking for cf77
configure:5521: result: no
configure:5491: checking for fort77
configure:5521: result: no
configure:5491: checking for fl32
configure:5521: result: no
configure:5491: checking for af77
configure:5521: result: no
configure:5491: checking for xlf90
configure:5521: result: no
configure:5491: checking for f90
configure:5521: result: no
configure:5491: checking for pgf90
configure:5521: result: no
configure:5491: checking for pghpf
configure:5521: result: no
configure:5491: checking for epcf90
configure:5521: result: no
configure:5491: checking for gfortran
configure:5521: result: no
configure:5491: checking for g95
configure:5521: result: no
configure:5491: checking for xlf95
configure:5521: result: no
configure:5491: checking for f95
configure:5521: result: no
configure:5491: checking for fort
configure:5521: result: no
configure:5491: checking for ifort
configure:5521: result: no
configure:5491: checking for ifc
configure:5521: result: no
configure:5491: checking for efc
configure:5521: result: no
configure:5491: checking for pgf95
configure:5521: result: no
configure:5491: checking for lf95
configure:5521: result: no
configure:5491: checking for ftn
configure:5521: result: no
configure:5548: checking for Fortran 77 compiler version
configure:5555:  --version >&5
./configure: line 5556: --version: command not found
configure:5558: $? = 127
configure:5565:  -v >&5
./configure: line 5566: -v: command not found
configure:5568: $? = 127
configure:5575:  -V >&5
./configure: line 5576: -V: command not found
configure:5578: $? = 127
configure:5586: checking whether we are using the GNU Fortran 77 compiler
configure:5605:  -c  conftest.F >&5
./configure: line 5606: -c: command not found
configure:5611: $? = 127
configure: failed program was:
|       program main
| #ifndef __GNUC__
|        choke me
| #endif
| 
|       end
configure:5628: result: no
configure:5634: checking whether  accepts -g
configure:5651:  -c -g conftest.f >&5
./configure: line 5652: -c: command not found
configure:5657: $? = 127
configure: failed program was:
|       program main
| 
|       end
configure:5673: result: no
configure:5703: checking the maximum length of command line arguments
configure:5818: result: 32768
configure:5829: checking command to parse /usr/bin/nm -B output from gcc object
configure:5934: gcc -c -g -O2  conftest.c >&5
configure:5937: $? = 0
configure:5941: /usr/bin/nm -B conftest.o \| sed -n -e 's/^.*[ 	]\([ABCDGIRSTW][ABCDGIRSTW]*\)[ 	][ 	]*\([_A-Za-z][_A-Za-z0-9]*\)$/\1 \2 \2/p' \> conftest.nm
configure:5944: $? = 0
configure:5996: gcc -o conftest -g -O2   conftest.c conftstm.o >&5
configure:5999: $? = 0
configure:6037: result: ok
configure:6041: checking for objdir
configure:6056: result: .libs
configure:6148: checking for ar
configure:6164: found /usr/bin/ar
configure:6175: result: ar
configure:6244: checking for ranlib
configure:6260: found /usr/bin/ranlib
configure:6271: result: ranlib
configure:6340: checking for strip
configure:6356: found /usr/bin/strip
configure:6367: result: strip
configure:6657: checking if gcc supports -fno-rtti -fno-exceptions
configure:6675: gcc -c -g -O2  -fno-rtti -fno-exceptions conftest.c >&5
cc1: warning: command line option "-fno-rtti" is valid for C++/ObjC++ but not for C
configure:6679: $? = 0
configure:6692: result: no
configure:6707: checking for gcc option to produce PIC
configure:6917: result: -fPIC
configure:6925: checking if gcc PIC flag -fPIC works
configure:6943: gcc -c -g -O2  -fPIC -DPIC conftest.c >&5
configure:6947: $? = 0
configure:6960: result: yes
configure:6988: checking if gcc static flag -static works
configure:7016: result: yes
configure:7026: checking if gcc supports -c -o file.o
configure:7047: gcc -c -g -O2  -o out/conftest2.o conftest.c >&5
configure:7051: $? = 0
configure:7073: result: yes
configure:7099: checking whether the gcc linker (/usr/bin/ld) supports shared libraries
configure:8053: result: yes
configure:8074: checking whether -lc should be explicitly linked in
configure:8079: gcc -c -g -O2  conftest.c >&5
configure:8082: $? = 0
configure:8097: gcc -shared conftest.o  -v -Wl,-soname -Wl,conftest -o conftest 2\>\&1 \| grep  -lc  \>/dev/null 2\>\&1
configure:8100: $? = 0
configure:8112: result: no
configure:8120: checking dynamic linker characteristics
configure:8710: result: GNU/Linux ld.so
configure:8719: checking how to hardcode library paths into programs
configure:8744: result: immediate
configure:8758: checking whether stripping libraries is possible
configure:8763: result: yes
configure:8886: checking for shl_load
configure:8942: gcc -o conftest -g -O2   conftest.c  >&5
/tmp/cccUT7Lq.o: In function `main':
/home/splinter/bennugd/core/conftest.c:53: undefined reference to `shl_load'
collect2: ld returned 1 exit status
configure:8948: $? = 1
configure: failed program was:
| /* confdefs.h.  */
| #define PACKAGE_NAME "bennu"
| #define PACKAGE_TARNAME "bennu"
| #define PACKAGE_VERSION "0.93"
| #define PACKAGE_STRING "bennu 0.93"
| #define PACKAGE_BUGREPORT ""
| #define STDC_HEADERS 1
| #define HAVE_SYS_TYPES_H 1
| #define HAVE_SYS_STAT_H 1
| #define HAVE_STDLIB_H 1
| #define HAVE_STRING_H 1
| #define HAVE_MEMORY_H 1
| #define HAVE_STRINGS_H 1
| #define HAVE_INTTYPES_H 1
| #define HAVE_STDINT_H 1
| #define HAVE_UNISTD_H 1
| #define HAVE_DLFCN_H 1
| /* end confdefs.h.  */
| /* Define shl_load to an innocuous variant, in case <limits.h> declares shl_load.
|    For example, HP-UX 11i <limits.h> declares gettimeofday.  */
| #define shl_load innocuous_shl_load
| 
| /* System header to define __stub macros and hopefully few prototypes,
|     which can conflict with char shl_load (); below.
|     Prefer <limits.h> to <assert.h> if __STDC__ is defined, since
|     <limits.h> exists even on freestanding compilers.  */
| 
| #ifdef __STDC__
| # include <limits.h>
| #else
| # include <assert.h>
| #endif
| 
| #undef shl_load
| 
| /* Override any GCC internal prototype to avoid an error.
|    Use char because int might match the return type of a GCC
|    builtin and then its argument prototype would still apply.  */
| #ifdef __cplusplus
| extern "C"
| #endif
| char shl_load ();
| /* The GNU C library defines this for functions which it implements
|     to always fail with ENOSYS.  Some functions are actually named
|     something starting with __ and the normal name is an alias.  */
| #if defined __stub_shl_load || defined __stub___shl_load
| choke me
| #endif
| 
| int
| main ()
| {
| return shl_load ();
|   ;
|   return 0;
| }
configure:8965: result: no
configure:8970: checking for shl_load in -ldld
configure:9005: gcc -o conftest -g -O2   conftest.c -ldld   >&5
/usr/bin/ld: cannot find -ldld
collect2: ld returned 1 exit status
configure:9011: $? = 1
configure: failed program was:
| /* confdefs.h.  */
| #define PACKAGE_NAME "bennu"
| #define PACKAGE_TARNAME "bennu"
| #define PACKAGE_VERSION "0.93"
| #define PACKAGE_STRING "bennu 0.93"
| #define PACKAGE_BUGREPORT ""
| #define STDC_HEADERS 1
| #define HAVE_SYS_TYPES_H 1
| #define HAVE_SYS_STAT_H 1
| #define HAVE_STDLIB_H 1
| #define HAVE_STRING_H 1
| #define HAVE_MEMORY_H 1
| #define HAVE_STRINGS_H 1
| #define HAVE_INTTYPES_H 1
| #define HAVE_STDINT_H 1
| #define HAVE_UNISTD_H 1
| #define HAVE_DLFCN_H 1
| /* end confdefs.h.  */
| 
| /* Override any GCC internal prototype to avoid an error.
|    Use char because int might match the return type of a GCC
|    builtin and then its argument prototype would still apply.  */
| #ifdef __cplusplus
| extern "C"
| #endif
| char shl_load ();
| int
| main ()
| {
| return shl_load ();
|   ;
|   return 0;
| }
configure:9029: result: no
configure:9034: checking for dlopen
configure:9090: gcc -o conftest -g -O2   conftest.c  >&5
/tmp/ccCViPAN.o: In function `main':
/home/splinter/bennugd/core/conftest.c:53: undefined reference to `dlopen'
collect2: ld returned 1 exit status
configure:9096: $? = 1
configure: failed program was:
| /* confdefs.h.  */
| #define PACKAGE_NAME "bennu"
| #define PACKAGE_TARNAME "bennu"
| #define PACKAGE_VERSION "0.93"
| #define PACKAGE_STRING "bennu 0.93"
| #define PACKAGE_BUGREPORT ""
| #define STDC_HEADERS 1
| #define HAVE_SYS_TYPES_H 1
| #define HAVE_SYS_STAT_H 1
| #define HAVE_STDLIB_H 1
| #define HAVE_STRING_H 1
| #define HAVE_MEMORY_H 1
| #define HAVE_STRINGS_H 1
| #define HAVE_INTTYPES_H 1
| #define HAVE_STDINT_H 1
| #define HAVE_UNISTD_H 1
| #define HAVE_DLFCN_H 1
| /* end confdefs.h.  */
| /* Define dlopen to an innocuous variant, in case <limits.h> declares dlopen.
|    For example, HP-UX 11i <limits.h> declares gettimeofday.  */
| #define dlopen innocuous_dlopen
| 
| /* System header to define __stub macros and hopefully few prototypes,
|     which can conflict with char dlopen (); below.
|     Prefer <limits.h> to <assert.h> if __STDC__ is defined, since
|     <limits.h> exists even on freestanding compilers.  */
| 
| #ifdef __STDC__
| # include <limits.h>
| #else
| # include <assert.h>
| #endif
| 
| #undef dlopen
| 
| /* Override any GCC internal prototype to avoid an error.
|    Use char because int might match the return type of a GCC
|    builtin and then its argument prototype would still apply.  */
| #ifdef __cplusplus
| extern "C"
| #endif
| char dlopen ();
| /* The GNU C library defines this for functions which it implements
|     to always fail with ENOSYS.  Some functions are actually named
|     something starting with __ and the normal name is an alias.  */
| #if defined __stub_dlopen || defined __stub___dlopen
| choke me
| #endif
| 
| int
| main ()
| {
| return dlopen ();
|   ;
|   return 0;
| }
configure:9113: result: no
configure:9118: checking for dlopen in -ldl
configure:9153: gcc -o conftest -g -O2   conftest.c -ldl   >&5
configure:9159: $? = 0
configure:9177: result: yes
configure:9346: checking whether a program can dlopen itself
configure:9420: gcc -o conftest -g -O2  -DHAVE_DLFCN_H  -Wl,--export-dynamic conftest.c -ldl  >&5
configure: In function 'main':
configure:9416: warning: incompatible implicit declaration of built-in function 'exit'
configure:9423: $? = 0
configure:9441: result: yes
configure:9446: checking whether a statically linked program can dlopen itself
configure:9520: gcc -o conftest -g -O2  -DHAVE_DLFCN_H  -Wl,--export-dynamic -static conftest.c -ldl  >&5
configure: In function 'main':
configure:9516: warning: incompatible implicit declaration of built-in function 'exit'
/tmp/cccOlhbs.o: In function `main':
/home/splinter/bennugd/core/configure:9504: warning: Using 'dlopen' in statically linked applications requires at runtime the shared libraries from the glibc version used for linking
configure:9523: $? = 0
/lib/: cannot read file data: Is a directory
configure:9541: result: no
configure:9564: checking if libtool supports shared libraries
configure:9566: result: yes
configure:9569: checking whether to build shared libraries
configure:9590: result: yes
configure:9593: checking whether to build static libraries
configure:9597: result: yes
configure:9689: creating libtool
configure:10277: checking for ld used by g++
configure:10344: result: /usr/bin/ld
configure:10353: checking if the linker (/usr/bin/ld) is GNU ld
configure:10368: result: yes
configure:10419: checking whether the g++ linker (/usr/bin/ld) supports shared libraries
configure:11353: result: yes
configure:11375: g++ -c -g -O2  conftest.cpp >&5
configure:11378: $? = 0
configure:11497: checking for g++ option to produce PIC
configure:11771: result: -fPIC
configure:11779: checking if g++ PIC flag -fPIC works
configure:11797: g++ -c -g -O2  -fPIC -DPIC conftest.cpp >&5
configure:11801: $? = 0
configure:11814: result: yes
configure:11842: checking if g++ static flag -static works
configure:11870: result: yes
configure:11880: checking if g++ supports -c -o file.o
configure:11901: g++ -c -g -O2  -o out/conftest2.o conftest.cpp >&5
configure:11905: $? = 0
configure:11927: result: yes
configure:11953: checking whether the g++ linker (/usr/bin/ld) supports shared libraries
configure:11978: result: yes
configure:12045: checking dynamic linker characteristics
configure:12635: result: GNU/Linux ld.so
configure:12644: checking how to hardcode library paths into programs
configure:12669: result: immediate
configure:18818: checking whether to enable maintainer-specific portions of Makefiles
configure:18827: result: no
configure:18894: checking for windres
configure:18924: result: no
configure:19006: checking for a BSD-compatible install
configure:19062: result: /usr/bin/install -c
configure:19073: checking whether build environment is sane
configure:19116: result: yes
configure:19131: checking for a thread-safe mkdir -p
configure:19170: result: /bin/mkdir -p
configure:19183: checking for gawk
configure:19213: result: no
configure:19183: checking for mawk
configure:19199: found /usr/bin/mawk
configure:19210: result: mawk
configure:19221: checking whether make sets $(MAKE)
configure:19242: result: yes
configure:19272: checking for style of include used by make
configure:19300: result: GNU
configure:19493: checking dependency style of gcc
configure:19584: result: gcc3
configure:19601: checking dependency style of g++
configure:19692: result: gcc3
configure:19760: checking for gcc
configure:19787: result: gcc
configure:20025: checking for C compiler version
configure:20032: gcc --version >&5
gcc (Debian 4.3.2-1) 4.3.2
Copyright (C) 2008 Free Software Foundation, Inc.
This is free software; see the source for copying conditions.  There is NO
warranty; not even for MERCHANTABILITY or FITNESS FOR A PARTICULAR PURPOSE.

configure:20035: $? = 0
configure:20042: gcc -v >&5
Using built-in specs.
Target: i486-linux-gnu
Configured with: ../src/configure -v --with-pkgversion='Debian 4.3.2-1' --with-bugurl=file:///usr/share/doc/gcc-4.3/README.Bugs --enable-languages=c,c++,fortran,objc,obj-c++ --prefix=/usr --enable-shared --with-system-zlib --libexecdir=/usr/lib --without-included-gettext --enable-threads=posix --enable-nls --with-gxx-include-dir=/usr/include/c++/4.3 --program-suffix=-4.3 --enable-clocale=gnu --enable-libstdcxx-debug --enable-objc-gc --enable-mpfr --enable-targets=all --enable-cld --enable-checking=release --build=i486-linux-gnu --host=i486-linux-gnu --target=i486-linux-gnu
Thread model: posix
gcc version 4.3.2 (Debian 4.3.2-1) 
configure:20045: $? = 0
configure:20052: gcc -V >&5
gcc: '-V' option must have argument
configure:20055: $? = 1
configure:20058: checking whether we are using the GNU C compiler
configure:20110: result: yes
configure:20115: checking whether gcc accepts -g
configure:20250: result: yes
configure:20267: checking for gcc option to accept ISO C89
configure:20370: result: none needed
configure:20396: checking for gzsetparams in -lz
configure:20431: gcc -o conftest -O2 -finline-functions -fno-strict-aliasing    conftest.c -lz  -ldl -lz >&5
configure:20437: $? = 0
configure:20455: result: yes
configure:20468: checking zlib.h usability
configure:20485: gcc -c -O2 -finline-functions -fno-strict-aliasing   conftest.c >&5
configure:20491: $? = 0
configure:20505: result: yes
configure:20509: checking zlib.h presence
configure:20524: gcc -E  conftest.c
configure:20530: $? = 0
configure:20544: result: yes
configure:20572: checking for zlib.h
configure:20579: result: yes
configure:20769: creating ./config.status

## ---------------------- ##
## Running config.status. ##
## ---------------------- ##

This file was extended by bennu config.status 0.93, which was
generated by GNU Autoconf 2.61.  Invocation command line was

  CONFIG_FILES    = 
  CONFIG_HEADERS  = 
  CONFIG_LINKS    = 
  CONFIG_COMMANDS = 
  $ ./config.status 

on splinter

config.status:665: creating Makefile
config.status:665: creating bgdrtm/Makefile
config.status:665: creating bgdrtm/src/Makefile
config.status:665: creating bgdc/Makefile
config.status:665: creating bgdc/src/Makefile
config.status:665: creating bgdi/Makefile
config.status:665: creating bgdi/src/Makefile
config.status:856: executing depfiles commands

## ---------------- ##
## Cache variables. ##
## ---------------- ##

ac_cv_build=i686-pc-linux-gnu
ac_cv_c_compiler_gnu=yes
ac_cv_cxx_compiler_gnu=yes
ac_cv_env_CCC_set=
ac_cv_env_CCC_value=
ac_cv_env_CC_set=
ac_cv_env_CC_value=
ac_cv_env_CFLAGS_set=
ac_cv_env_CFLAGS_value=
ac_cv_env_CPPFLAGS_set=
ac_cv_env_CPPFLAGS_value=
ac_cv_env_CPP_set=
ac_cv_env_CPP_value=
ac_cv_env_CXXCPP_set=
ac_cv_env_CXXCPP_value=
ac_cv_env_CXXFLAGS_set=
ac_cv_env_CXXFLAGS_value=
ac_cv_env_CXX_set=
ac_cv_env_CXX_value=
ac_cv_env_F77_set=
ac_cv_env_F77_value=
ac_cv_env_FFLAGS_set=
ac_cv_env_FFLAGS_value=
ac_cv_env_LDFLAGS_set=
ac_cv_env_LDFLAGS_value=
ac_cv_env_LIBS_set=
ac_cv_env_LIBS_value=
ac_cv_env_build_alias_set=
ac_cv_env_build_alias_value=
ac_cv_env_host_alias_set=
ac_cv_env_host_alias_value=
ac_cv_env_target_alias_set=
ac_cv_env_target_alias_value=
ac_cv_f77_compiler_gnu=no
ac_cv_func_dlopen=no
ac_cv_func_shl_load=no
ac_cv_header_dlfcn_h=yes
ac_cv_header_inttypes_h=yes
ac_cv_header_memory_h=yes
ac_cv_header_stdc=yes
ac_cv_header_stdint_h=yes
ac_cv_header_stdlib_h=yes
ac_cv_header_string_h=yes
ac_cv_header_strings_h=yes
ac_cv_header_sys_stat_h=yes
ac_cv_header_sys_types_h=yes
ac_cv_header_unistd_h=yes
ac_cv_header_zlib_h=yes
ac_cv_host=i686-pc-linux-gnu
ac_cv_lib_dl_dlopen=yes
ac_cv_lib_dld_shl_load=no
ac_cv_lib_z_gzsetparams=yes
ac_cv_objext=o
ac_cv_path_EGREP='/bin/grep -E'
ac_cv_path_GREP=/bin/grep
ac_cv_path_install='/usr/bin/install -c'
ac_cv_path_mkdir=/bin/mkdir
ac_cv_prog_AWK=mawk
ac_cv_prog_CPP='gcc -E'
ac_cv_prog_CXXCPP='g++ -E'
ac_cv_prog_ac_ct_AR=ar
ac_cv_prog_ac_ct_CC=gcc
ac_cv_prog_ac_ct_CXX=g++
ac_cv_prog_ac_ct_RANLIB=ranlib
ac_cv_prog_ac_ct_STRIP=strip
ac_cv_prog_cc_c89=
ac_cv_prog_cc_g=yes
ac_cv_prog_cxx_g=yes
ac_cv_prog_f77_g=no
ac_cv_prog_make_make_set=yes
ac_cv_target=i686-pc-linux-gnu
am_cv_CC_dependencies_compiler_type=gcc3
am_cv_CXX_dependencies_compiler_type=gcc3
lt_cv_deplibs_check_method=pass_all
lt_cv_dlopen=dlopen
lt_cv_dlopen_libs=-ldl
lt_cv_dlopen_self=yes
lt_cv_dlopen_self_static=no
lt_cv_file_magic_cmd='$MAGIC_CMD'
lt_cv_file_magic_test_file=
lt_cv_ld_reload_flag=-r
lt_cv_objdir=.libs
lt_cv_path_LD=/usr/bin/ld
lt_cv_path_LDCXX=/usr/bin/ld
lt_cv_path_NM='/usr/bin/nm -B'
lt_cv_path_SED=/bin/sed
lt_cv_prog_compiler_c_o=yes
lt_cv_prog_compiler_c_o_CXX=yes
lt_cv_prog_compiler_rtti_exceptions=no
lt_cv_prog_gnu_ld=yes
lt_cv_prog_gnu_ldcxx=yes
lt_cv_sys_global_symbol_pipe='sed -n -e '\''s/^.*[ 	]\([ABCDGIRSTW][ABCDGIRSTW]*\)[ 	][ 	]*\([_A-Za-z][_A-Za-z0-9]*\)$/\1 \2 \2/p'\'''
lt_cv_sys_global_symbol_to_c_name_address='sed -n -e '\''s/^: \([^ ]*\) $/  {\"\1\", (lt_ptr) 0},/p'\'' -e '\''s/^[BCDEGRST] \([^ ]*\) \([^ ]*\)$/  {"\2", (lt_ptr) \&\2},/p'\'''
lt_cv_sys_global_symbol_to_cdecl='sed -n -e '\''s/^. .* \(.*\)$/extern int \1;/p'\'''
lt_cv_sys_max_cmd_len=32768
lt_lt_cv_prog_compiler_c_o='"yes"'
lt_lt_cv_prog_compiler_c_o_CXX='"yes"'
lt_lt_cv_sys_global_symbol_pipe='"sed -n -e '\''s/^.*[ 	]\\([ABCDGIRSTW][ABCDGIRSTW]*\\)[ 	][ 	]*\\([_A-Za-z][_A-Za-z0-9]*\\)\$/\\1 \\2 \\2/p'\''"'
lt_lt_cv_sys_global_symbol_to_c_name_address='"sed -n -e '\''s/^: \\([^ ]*\\) \$/  {\\\"\\1\\\", (lt_ptr) 0},/p'\'' -e '\''s/^[BCDEGRST] \\([^ ]*\\) \\([^ ]*\\)\$/  {\"\\2\", (lt_ptr) \\&\\2},/p'\''"'
lt_lt_cv_sys_global_symbol_to_cdecl='"sed -n -e '\''s/^. .* \\(.*\\)\$/extern int \\1;/p'\''"'

## ----------------- ##
## Output variables. ##
## ----------------- ##

ACLOCAL='${SHELL} /home/splinter/bennugd/core/missing --run aclocal-1.10'
AMDEPBACKSLASH='\'
AMDEP_FALSE='#'
AMDEP_TRUE=''
AMTAR='${SHELL} /home/splinter/bennugd/core/missing --run tar'
AR='ar'
AS='as'
AUTOCONF='${SHELL} /home/splinter/bennugd/core/missing --run autoconf'
AUTOHEADER='${SHELL} /home/splinter/bennugd/core/missing --run autoheader'
AUTOMAKE='${SHELL} /home/splinter/bennugd/core/missing --run automake-1.10'
AWK='mawk'
CC='gcc'
CCDEPMODE='depmode=gcc3'
CFLAGS='-O2 -finline-functions -fno-strict-aliasing '
COMMON_CFLAGS='-O2 -finline-functions -fno-strict-aliasing  -Wall -DTARGET_LINUX'
COMMON_LDFLAGS='  -lc -ldl -lz'
CPP='gcc -E'
CPPFLAGS=''
CXX='g++'
CXXCPP='g++ -E'
CXXDEPMODE='depmode=gcc3'
CXXFLAGS='-g -O2'
CYGPATH_W='echo'
DEFS='-DPACKAGE_NAME=\"bennu\" -DPACKAGE_TARNAME=\"bennu\" -DPACKAGE_VERSION=\"0.93\" -DPACKAGE_STRING=\"bennu\ 0.93\" -DPACKAGE_BUGREPORT=\"\" -DSTDC_HEADERS=1 -DHAVE_SYS_TYPES_H=1 -DHAVE_SYS_STAT_H=1 -DHAVE_STDLIB_H=1 -DHAVE_STRING_H=1 -DHAVE_MEMORY_H=1 -DHAVE_STRINGS_H=1 -DHAVE_INTTYPES_H=1 -DHAVE_STDINT_H=1 -DHAVE_UNISTD_H=1 -DHAVE_DLFCN_H=1 -DPACKAGE=\"bennu\" -DVERSION=\"0.93\"'
DEPDIR='.deps'
DLLTOOL='dlltool'
ECHO='echo'
ECHO_C=''
ECHO_N='-n'
ECHO_T=''
EGREP='/bin/grep -E'
EXEEXT=''
F77=''
FFLAGS=''
GREP='/bin/grep'
HAVE_WINDRES_FALSE=''
HAVE_WINDRES_TRUE='#'
INSTALL_DATA='${INSTALL} -m 644'
INSTALL_PROGRAM='${INSTALL}'
INSTALL_SCRIPT='${INSTALL}'
INSTALL_STRIP_PROGRAM='$(install_sh) -c -s'
LDFLAGS=''
LIBOBJS=''
LIBS='-ldl -lz'
LIBTOOL='$(SHELL) $(top_builddir)/libtool'
LN_S='ln -s'
LTLIBOBJS=''
MAINT='#'
MAINTAINER_MODE_FALSE=''
MAINTAINER_MODE_TRUE='#'
MAKEINFO='${SHELL} /home/splinter/bennugd/core/missing --run makeinfo'
OBJDUMP='objdump'
OBJEXT='o'
PACKAGE='bennu'
PACKAGE_BUGREPORT=''
PACKAGE_NAME='bennu'
PACKAGE_STRING='bennu 0.93'
PACKAGE_TARNAME='bennu'
PACKAGE_VERSION='0.93'
PATH_SEPARATOR=':'
RANLIB='ranlib'
SET_MAKE=''
SHELL='/bin/sh'
STRIP='strip'
VERSION='0.93'
WINDRES=''
ac_ct_CC='gcc'
ac_ct_CXX='g++'
ac_ct_F77=''
am__fastdepCC_FALSE='#'
am__fastdepCC_TRUE=''
am__fastdepCXX_FALSE='#'
am__fastdepCXX_TRUE=''
am__include='include'
am__isrc=''
am__leading_dot='.'
am__quote=''
am__tar='${AMTAR} chof - "$$tardir"'
am__untar='${AMTAR} xf -'
bindir='${exec_prefix}/bin'
build='i686-pc-linux-gnu'
build_alias=''
build_cpu='i686'
build_os='linux-gnu'
build_vendor='pc'
datadir='${datarootdir}'
datarootdir='${prefix}/share'
docdir='${datarootdir}/doc/${PACKAGE_TARNAME}'
dvidir='${docdir}'
exec_prefix='${prefix}'
host='i686-pc-linux-gnu'
host_alias=''
host_cpu='i686'
host_os='linux-gnu'
host_vendor='pc'
htmldir='${docdir}'
includedir='${prefix}/include'
infodir='${datarootdir}/info'
install_sh='$(SHELL) /home/splinter/bennugd/core/install-sh'
libdir='${exec_prefix}/lib'
libexecdir='${exec_prefix}/libexec'
localedir='${datarootdir}/locale'
localstatedir='${prefix}/var'
mandir='${datarootdir}/man'
mkdir_p='/bin/mkdir -p'
oldincludedir='/usr/include'
pdfdir='${docdir}'
prefix='/usr/local'
program_transform_name='s,x,x,'
psdir='${docdir}'
sbindir='${exec_prefix}/sbin'
sharedstatedir='${prefix}/com'
sysconfdir='${prefix}/etc'
target='i686-pc-linux-gnu'
target_alias=''
target_cpu='i686'
target_os='linux-gnu'
target_vendor='pc'

## ----------- ##
## confdefs.h. ##
## ----------- ##

#define PACKAGE_NAME "bennu"
#define PACKAGE_TARNAME "bennu"
#define PACKAGE_VERSION "0.93"
#define PACKAGE_STRING "bennu 0.93"
#define PACKAGE_BUGREPORT ""
#define STDC_HEADERS 1
#define HAVE_SYS_TYPES_H 1
#define HAVE_SYS_STAT_H 1
#define HAVE_STDLIB_H 1
#define HAVE_STRING_H 1
#define HAVE_MEMORY_H 1
#define HAVE_STRINGS_H 1
#define HAVE_INTTYPES_H 1
#define HAVE_STDINT_H 1
#define HAVE_UNISTD_H 1
#define HAVE_DLFCN_H 1
#define PACKAGE "bennu"
#define VERSION "0.93"

configure: exit 0
