This file contains any messages produced by compilers while
running configure, to aid debugging if configure makes a mistake.

It was created by moddesc configure 1.0, which was
generated by GNU Autoconf 2.59.  Invocation command line was

  $ ./configure --with-bennu-prefix=/home/splinter/bennugd/core

## --------- ##
## Platform. ##
## --------- ##

hostname = splinter
uname -m = i686
uname -r = 2.6.26-1-686
uname -s = Linux
uname -v = #1 SMP Mon Dec 15 18:15:07 UTC 2008

/usr/bin/uname -p = unknown
/bin/uname -X     = unknown

/bin/arch              = unknown
/usr/bin/arch -k       = unknown
/usr/convex/getsysinfo = unknown
hostinfo               = unknown
/bin/machine           = unknown
/usr/bin/oslevel       = unknown
/bin/universe          = unknown

PATH: /home/splinter/bin
PATH: /usr/local/bin
PATH: /usr/bin
PATH: /bin
PATH: /usr/games


## ----------- ##
## Core tests. ##
## ----------- ##

configure:1358: checking build system type
configure:1376: result: i686-pc-linux-gnu
configure:1384: checking host system type
configure:1398: result: i686-pc-linux-gnu
configure:1406: checking target system type
configure:1420: result: i686-pc-linux-gnu
configure:1449: checking for a BSD-compatible install
configure:1504: result: /usr/bin/install -c
configure:1515: checking whether build environment is sane
configure:1558: result: yes
configure:1615: checking for gawk
configure:1644: result: no
configure:1615: checking for mawk
configure:1631: found /usr/bin/mawk
configure:1641: result: mawk
configure:1651: checking whether make sets $(MAKE)
configure:1671: result: yes
configure:1883: checking for gcc
configure:1899: found /usr/bin/gcc
configure:1909: result: gcc
configure:2153: checking for C compiler version
configure:2156: gcc --version </dev/null >&5
gcc (Debian 4.3.2-1) 4.3.2
Copyright (C) 2008 Free Software Foundation, Inc.
This is free software; see the source for copying conditions.  There is NO
warranty; not even for MERCHANTABILITY or FITNESS FOR A PARTICULAR PURPOSE.

configure:2159: $? = 0
configure:2161: gcc -v </dev/null >&5
Using built-in specs.
Target: i486-linux-gnu
Configured with: ../src/configure -v --with-pkgversion='Debian 4.3.2-1' --with-bugurl=file:///usr/share/doc/gcc-4.3/README.Bugs --enable-languages=c,c++,fortran,objc,obj-c++ --prefix=/usr --enable-shared --with-system-zlib --libexecdir=/usr/lib --without-included-gettext --enable-threads=posix --enable-nls --with-gxx-include-dir=/usr/include/c++/4.3 --program-suffix=-4.3 --enable-clocale=gnu --enable-libstdcxx-debug --enable-objc-gc --enable-mpfr --enable-targets=all --enable-cld --enable-checking=release --build=i486-linux-gnu --host=i486-linux-gnu --target=i486-linux-gnu
Thread model: posix
gcc version 4.3.2 (Debian 4.3.2-1) 
configure:2164: $? = 0
configure:2166: gcc -V </dev/null >&5
gcc: '-V' option must have argument
configure:2169: $? = 1
configure:2192: checking for C compiler default output file name
configure:2195: gcc    conftest.c  >&5
configure:2198: $? = 0
configure:2244: result: a.out
configure:2249: checking whether the C compiler works
configure:2255: ./a.out
configure:2258: $? = 0
configure:2275: result: yes
configure:2282: checking whether we are cross compiling
configure:2284: result: no
configure:2287: checking for suffix of executables
configure:2289: gcc -o conftest    conftest.c  >&5
configure:2292: $? = 0
configure:2317: result: 
configure:2323: checking for suffix of object files
configure:2344: gcc -c   conftest.c >&5
configure:2347: $? = 0
configure:2369: result: o
configure:2373: checking whether we are using the GNU C compiler
configure:2397: gcc -c   conftest.c >&5
configure:2403: $? = 0
configure:2407: test -z 
			 || test ! -s conftest.err
configure:2410: $? = 0
configure:2413: test -s conftest.o
configure:2416: $? = 0
configure:2429: result: yes
configure:2435: checking whether gcc accepts -g
configure:2456: gcc -c -g  conftest.c >&5
configure:2462: $? = 0
configure:2466: test -z 
			 || test ! -s conftest.err
configure:2469: $? = 0
configure:2472: test -s conftest.o
configure:2475: $? = 0
configure:2486: result: yes
configure:2503: checking for gcc option to accept ANSI C
configure:2573: gcc  -c -g -O2  conftest.c >&5
configure:2579: $? = 0
configure:2583: test -z 
			 || test ! -s conftest.err
configure:2586: $? = 0
configure:2589: test -s conftest.o
configure:2592: $? = 0
configure:2610: result: none needed
configure:2628: gcc -c -g -O2  conftest.c >&5
conftest.c:2: error: expected '=', ',', ';', 'asm' or '__attribute__' before 'me'
configure:2634: $? = 1
configure: failed program was:
| #ifndef __cplusplus
|   choke me
| #endif
configure:2778: checking for style of include used by make
configure:2806: result: GNU
configure:2834: checking dependency style of gcc
configure:2919: result: gcc3
configure:2936: checking whether make sets $(MAKE)
configure:2956: result: yes
configure:2994: checking whether to enable maintainer-specific portions of Makefiles
configure:3003: result: no
configure:3052: checking how to run the C preprocessor
configure:3087: gcc -E  conftest.c
configure:3093: $? = 0
configure:3125: gcc -E  conftest.c
conftest.c:11:28: error: ac_nonexistent.h: No such file or directory
configure:3131: $? = 1
configure: failed program was:
| /* confdefs.h.  */
| 
| #define PACKAGE_NAME "moddesc"
| #define PACKAGE_TARNAME "moddesc"
| #define PACKAGE_VERSION "1.0"
| #define PACKAGE_STRING "moddesc 1.0"
| #define PACKAGE_BUGREPORT ""
| #define PACKAGE "moddesc"
| #define VERSION "1.0"
| /* end confdefs.h.  */
| #include <ac_nonexistent.h>
configure:3170: result: gcc -E
configure:3194: gcc -E  conftest.c
configure:3200: $? = 0
configure:3232: gcc -E  conftest.c
conftest.c:11:28: error: ac_nonexistent.h: No such file or directory
configure:3238: $? = 1
configure: failed program was:
| /* confdefs.h.  */
| 
| #define PACKAGE_NAME "moddesc"
| #define PACKAGE_TARNAME "moddesc"
| #define PACKAGE_VERSION "1.0"
| #define PACKAGE_STRING "moddesc 1.0"
| #define PACKAGE_BUGREPORT ""
| #define PACKAGE "moddesc"
| #define VERSION "1.0"
| /* end confdefs.h.  */
| #include <ac_nonexistent.h>
configure:3282: checking for egrep
configure:3292: result: grep -E
configure:3297: checking for ANSI C header files
configure:3322: gcc -c -Wall -I/home/splinter/bennugd/core/include -I/usr/local/include -I/usr/include   conftest.c >&5
configure:3328: $? = 0
configure:3332: test -z 
			 || test ! -s conftest.err
configure:3335: $? = 0
configure:3338: test -s conftest.o
configure:3341: $? = 0
configure:3430: gcc -o conftest -Wall -I/home/splinter/bennugd/core/include -I/usr/local/include -I/usr/include   -lc -ldl -L/usr/local/lib -L/usr/lib conftest.c  >&5
conftest.c: In function 'main':
conftest.c:28: warning: implicit declaration of function 'exit'
conftest.c:28: warning: incompatible implicit declaration of built-in function 'exit'
configure:3433: $? = 0
configure:3435: ./conftest
configure:3438: $? = 0
configure:3453: result: yes
configure:3477: checking for sys/types.h
configure:3493: gcc -c -Wall -I/home/splinter/bennugd/core/include -I/usr/local/include -I/usr/include   conftest.c >&5
configure:3499: $? = 0
configure:3503: test -z 
			 || test ! -s conftest.err
configure:3506: $? = 0
configure:3509: test -s conftest.o
configure:3512: $? = 0
configure:3523: result: yes
configure:3477: checking for sys/stat.h
configure:3493: gcc -c -Wall -I/home/splinter/bennugd/core/include -I/usr/local/include -I/usr/include   conftest.c >&5
configure:3499: $? = 0
configure:3503: test -z 
			 || test ! -s conftest.err
configure:3506: $? = 0
configure:3509: test -s conftest.o
configure:3512: $? = 0
configure:3523: result: yes
configure:3477: checking for stdlib.h
configure:3493: gcc -c -Wall -I/home/splinter/bennugd/core/include -I/usr/local/include -I/usr/include   conftest.c >&5
configure:3499: $? = 0
configure:3503: test -z 
			 || test ! -s conftest.err
configure:3506: $? = 0
configure:3509: test -s conftest.o
configure:3512: $? = 0
configure:3523: result: yes
configure:3477: checking for string.h
configure:3493: gcc -c -Wall -I/home/splinter/bennugd/core/include -I/usr/local/include -I/usr/include   conftest.c >&5
configure:3499: $? = 0
configure:3503: test -z 
			 || test ! -s conftest.err
configure:3506: $? = 0
configure:3509: test -s conftest.o
configure:3512: $? = 0
configure:3523: result: yes
configure:3477: checking for memory.h
configure:3493: gcc -c -Wall -I/home/splinter/bennugd/core/include -I/usr/local/include -I/usr/include   conftest.c >&5
configure:3499: $? = 0
configure:3503: test -z 
			 || test ! -s conftest.err
configure:3506: $? = 0
configure:3509: test -s conftest.o
configure:3512: $? = 0
configure:3523: result: yes
configure:3477: checking for strings.h
configure:3493: gcc -c -Wall -I/home/splinter/bennugd/core/include -I/usr/local/include -I/usr/include   conftest.c >&5
configure:3499: $? = 0
configure:3503: test -z 
			 || test ! -s conftest.err
configure:3506: $? = 0
configure:3509: test -s conftest.o
configure:3512: $? = 0
configure:3523: result: yes
configure:3477: checking for inttypes.h
configure:3493: gcc -c -Wall -I/home/splinter/bennugd/core/include -I/usr/local/include -I/usr/include   conftest.c >&5
configure:3499: $? = 0
configure:3503: test -z 
			 || test ! -s conftest.err
configure:3506: $? = 0
configure:3509: test -s conftest.o
configure:3512: $? = 0
configure:3523: result: yes
configure:3477: checking for stdint.h
configure:3493: gcc -c -Wall -I/home/splinter/bennugd/core/include -I/usr/local/include -I/usr/include   conftest.c >&5
configure:3499: $? = 0
configure:3503: test -z 
			 || test ! -s conftest.err
configure:3506: $? = 0
configure:3509: test -s conftest.o
configure:3512: $? = 0
configure:3523: result: yes
configure:3477: checking for unistd.h
configure:3493: gcc -c -Wall -I/home/splinter/bennugd/core/include -I/usr/local/include -I/usr/include   conftest.c >&5
configure:3499: $? = 0
configure:3503: test -z 
			 || test ! -s conftest.err
configure:3506: $? = 0
configure:3509: test -s conftest.o
configure:3512: $? = 0
configure:3523: result: yes
configure:3540: checking for stdlib.h
configure:3545: result: yes
configure:3837: creating ./config.status

## ---------------------- ##
## Running config.status. ##
## ---------------------- ##

This file was extended by moddesc config.status 1.0, which was
generated by GNU Autoconf 2.59.  Invocation command line was

  CONFIG_FILES    = 
  CONFIG_HEADERS  = 
  CONFIG_LINKS    = 
  CONFIG_COMMANDS = 
  $ ./config.status 

on splinter

config.status:694: creating Makefile
config.status:877: executing depfiles commands

## ---------------- ##
## Cache variables. ##
## ---------------- ##

ac_cv_build=i686-pc-linux-gnu
ac_cv_build_alias=i686-pc-linux-gnu
ac_cv_c_compiler_gnu=yes
ac_cv_env_CC_set=
ac_cv_env_CC_value=
ac_cv_env_CFLAGS_set=
ac_cv_env_CFLAGS_value=
ac_cv_env_CPPFLAGS_set=
ac_cv_env_CPPFLAGS_value=
ac_cv_env_CPP_set=
ac_cv_env_CPP_value=
ac_cv_env_LDFLAGS_set=
ac_cv_env_LDFLAGS_value=
ac_cv_env_build_alias_set=
ac_cv_env_build_alias_value=
ac_cv_env_host_alias_set=
ac_cv_env_host_alias_value=
ac_cv_env_target_alias_set=
ac_cv_env_target_alias_value=
ac_cv_exeext=
ac_cv_header_inttypes_h=yes
ac_cv_header_memory_h=yes
ac_cv_header_stdc=yes
ac_cv_header_stdint_h=yes
ac_cv_header_stdlib_h=yes
ac_cv_header_string_h=yes
ac_cv_header_strings_h=yes
ac_cv_header_sys_stat_h=yes
ac_cv_header_sys_types_h=yes
ac_cv_header_unistd_h=yes
ac_cv_host=i686-pc-linux-gnu
ac_cv_host_alias=i686-pc-linux-gnu
ac_cv_objext=o
ac_cv_path_install='/usr/bin/install -c'
ac_cv_prog_AWK=mawk
ac_cv_prog_CPP='gcc -E'
ac_cv_prog_ac_ct_CC=gcc
ac_cv_prog_cc_g=yes
ac_cv_prog_cc_stdc=
ac_cv_prog_egrep='grep -E'
ac_cv_prog_make_make_set=yes
ac_cv_target=i686-pc-linux-gnu
ac_cv_target_alias=i686-pc-linux-gnu
am_cv_CC_dependencies_compiler_type=gcc3

## ----------------- ##
## Output variables. ##
## ----------------- ##

ACLOCAL='${SHELL} /home/splinter/bennugd/tools/moddesc/missing --run aclocal-1.8'
AMDEPBACKSLASH='\'
AMDEP_FALSE='#'
AMDEP_TRUE=''
AMTAR='${SHELL} /home/splinter/bennugd/tools/moddesc/missing --run tar'
AUTOCONF='${SHELL} /home/splinter/bennugd/tools/moddesc/missing --run autoconf'
AUTOHEADER='${SHELL} /home/splinter/bennugd/tools/moddesc/missing --run autoheader'
AUTOMAKE='${SHELL} /home/splinter/bennugd/tools/moddesc/missing --run automake-1.8'
AWK='mawk'
CC='gcc'
CCDEPMODE='depmode=gcc3'
CFLAGS='-Wall -I/home/splinter/bennugd/core/include -I/usr/local/include -I/usr/include '
CPP='gcc -E'
CPPFLAGS=''
CYGPATH_W='echo'
DEFS='-DPACKAGE_NAME=\"moddesc\" -DPACKAGE_TARNAME=\"moddesc\" -DPACKAGE_VERSION=\"1.0\" -DPACKAGE_STRING=\"moddesc\ 1.0\" -DPACKAGE_BUGREPORT=\"\" -DPACKAGE=\"moddesc\" -DVERSION=\"1.0\" -DSTDC_HEADERS=1 -DHAVE_SYS_TYPES_H=1 -DHAVE_SYS_STAT_H=1 -DHAVE_STDLIB_H=1 -DHAVE_STRING_H=1 -DHAVE_MEMORY_H=1 -DHAVE_STRINGS_H=1 -DHAVE_INTTYPES_H=1 -DHAVE_STDINT_H=1 -DHAVE_UNISTD_H=1 -DHAVE_STDLIB_H=1 '
DEPDIR='.deps'
ECHO_C=''
ECHO_N='-n'
ECHO_T=''
EGREP='grep -E'
EXEEXT=''
INSTALL_DATA='${INSTALL} -m 644'
INSTALL_PROGRAM='${INSTALL}'
INSTALL_SCRIPT='${INSTALL}'
INSTALL_STRIP_PROGRAM='${SHELL} $(install_sh) -c -s'
LDFLAGS='-lc -ldl -L/usr/local/lib -L/usr/lib'
LIBOBJS=''
LIBS=''
LTLIBOBJS=''
MAINT='#'
MAINTAINER_MODE_FALSE=''
MAINTAINER_MODE_TRUE='#'
MAKEINFO='${SHELL} /home/splinter/bennugd/tools/moddesc/missing --run makeinfo'
OBJEXT='o'
PACKAGE='moddesc'
PACKAGE_BUGREPORT=''
PACKAGE_NAME='moddesc'
PACKAGE_STRING='moddesc 1.0'
PACKAGE_TARNAME='moddesc'
PACKAGE_VERSION='1.0'
PATH_SEPARATOR=':'
SET_MAKE=''
SHELL='/bin/sh'
STRIP=''
VERSION='1.0'
ac_ct_CC='gcc'
ac_ct_STRIP=''
am__fastdepCC_FALSE='#'
am__fastdepCC_TRUE=''
am__include='include'
am__leading_dot='.'
am__quote=''
bindir='${exec_prefix}/bin'
build='i686-pc-linux-gnu'
build_alias=''
build_cpu='i686'
build_os='linux-gnu'
build_vendor='pc'
datadir='${prefix}/share'
exec_prefix='${prefix}'
host='i686-pc-linux-gnu'
host_alias=''
host_cpu='i686'
host_os='linux-gnu'
host_vendor='pc'
includedir='${prefix}/include'
infodir='${prefix}/info'
install_sh='/home/splinter/bennugd/tools/moddesc/install-sh'
libdir='${exec_prefix}/lib'
libexecdir='${exec_prefix}/libexec'
localstatedir='${prefix}/var'
mandir='${prefix}/man'
mkdir_p='mkdir -p -- .'
oldincludedir='/usr/include'
prefix='/usr/local'
program_transform_name='s,x,x,'
sbindir='${exec_prefix}/sbin'
sharedstatedir='${prefix}/com'
sysconfdir='${prefix}/etc'
target='i686-pc-linux-gnu'
target_alias=''
target_cpu='i686'
target_os='linux-gnu'
target_vendor='pc'

## ----------- ##
## confdefs.h. ##
## ----------- ##

#define HAVE_INTTYPES_H 1
#define HAVE_MEMORY_H 1
#define HAVE_STDINT_H 1
#define HAVE_STDLIB_H 1
#define HAVE_STDLIB_H 1
#define HAVE_STRINGS_H 1
#define HAVE_STRING_H 1
#define HAVE_SYS_STAT_H 1
#define HAVE_SYS_TYPES_H 1
#define HAVE_UNISTD_H 1
#define PACKAGE "moddesc"
#define PACKAGE_BUGREPORT ""
#define PACKAGE_NAME "moddesc"
#define PACKAGE_STRING "moddesc 1.0"
#define PACKAGE_TARNAME "moddesc"
#define PACKAGE_VERSION "1.0"
#define STDC_HEADERS 1
#define VERSION "1.0"

configure: exit 0
